bm90IGNvbnN0cnVjdGVk
bm90IHByaW1pdGl2ZQ==
bm8gc3VjaCBzdWItb2JqZWN0OiBuPQ==
dW5leHBlY3RlZCB0YWc6IA==
d3JvbmcgbnVtYmVyIG9mIHN1Yi1lbGVtZW50czog
IChleHBlY3RlZDog
KQ==
bm90IGVub3VnaCBzdWItZWxlbWVudHM6IA==
IChtaW5pbXVtOiA=
dG9vIG1hbnkgc3ViLWVsZW1lbnRzOiA=
IChtYXhpbXVtOiA=
QVBQTElDQVRJT046
Q09OVEVYVDo=
UFJJVkFURTo=
SU5WQUxJRDp7MH0vezF9
Qk9PTEVBTg==
SU5URUdFUg==
QklUX1NUUklORw==
T0NURVRfU1RSSU5H
TlVMTA==
T0JKRUNUX0lERU5USUZJRVI=
T2JqZWN0X0Rlc2NyaXB0b3I=
RVhURVJOQUw=
UkVBTA==
RU5VTUVSQVRFRA==
RU1CRURERURfUERW
VVRGOFN0cmluZw==
UkVMQVRJVkVfT0lE
U0VRVUVOQ0U=
U0VU
TnVtZXJpY1N0cmluZw==
UHJpbnRhYmxlU3RyaW5n
VGVsZXRleFN0cmluZw==
VmlkZW90ZXhTdHJpbmc=
SUE1U3RyaW5n
VVRDVGltZQ==
R2VuZXJhbGl6ZWRUaW1l
R3JhcGhpY1N0cmluZw==
VmlzaWJsZVN0cmluZw==
R2VuZXJhbFN0cmluZw==
VW5pdmVyc2FsU3RyaW5n
Q0hBUkFDVEVSX1NUUklORw==
Qk1QU3RyaW5n
VU5JVkVSU0FMOg==
CltERUNPREVdIHswfSB7MX0K
dHJhaWxpbmcgZ2FyYmFnZQ==
dGFnIHZhbHVlIG92ZXJmbG93
aW5kZWZpbml0ZSBsZW5ndGg=
IGJ1dCBub3QgY29uc3RydWN0ZWQ=
bGVuZ3RoIG92ZXJmbG93
aW52YWxpZCBudWxsIHRhZw==
dmFsdWUgb3ZlcmZsb3c=
b2Zmc2V0IG92ZXJmbG93
aW52YWxpZCB2YWx1ZSBvZmZzZXQ6IA==
aW52YWxpZCB2YWx1ZSBvZmZzZXQgezB9IChsZW5ndGggPSB7MX0p
CltFTkNPREVdIHswfQo=
aW52YWxpZCB2YWx1ZSB3aW5kb3cgezB9OnsxfQ==
ICh2YWx1ZSBsZW5ndGggPSB7Mn0p
aW52YWxpZCBCT09MRUFOIChjb25zdHJ1Y3RlZCk=
aW52YWxpZCBCT09MRUFOIChsZW5ndGggPSB7MH0p
aW52YWxpZCBJTlRFR0VSIChjb25zdHJ1Y3RlZCk=
aW52YWxpZCBJTlRFR0VSIChsZW5ndGggPSAwKQ==
aW50ZWdlciBvdmVyZmxvdyAobmVnYXRpdmUp
aW50ZWdlciBvdmVyZmxvdyAocG9zaXRpdmUp
aW50ZWdlciBvdXQgb2YgYWxsb3dlZCByYW5nZQ==
MHgwMA==
MHg=
ezA6WDJ9
aW52YWxpZCBCSVQgU1RSSU5HIChjb25zdHJ1Y3RlZCk=
aW52YWxpZCBCSVQgU1RSSU5HIChsZW5ndGggPSAwKQ==
aW52YWxpZCBCSVQgU1RSSU5HIChzdGFydCA9IDB4ezA6WDJ9KQ==
aW52YWxpZCBOVUxMIChjb25zdHJ1Y3RlZCk=
aW52YWxpZCBOVUxMIChsZW5ndGggPSB7MH0p
emVyby1sZW5ndGggT0lE
aW52YWxpZCBPSUQ6IGZpcnN0IGJ5dGUgPSA=
aW52YWxpZCBPSUQ6IGludGVnZXIgb3ZlcmZsb3c=
aW52YWxpZCBPSUQ6IHRydW5jYXRlZA==
Y2Fubm90IGluZmVyIHN0cmluZyB0eXBlOiB7MH06ezF9
aW52YWxpZCBzdHJpbmcgKGNvbnN0cnVjdGVkKQ==
dW5zdXBwb3J0ZWQgc3RyaW5nIHR5cGU6IA==
aW52YWxpZCBVVEYtOCBzdHJpbmc=
aW52YWxpZCBVVEYtMTYgc3RyaW5nOiBsZW5ndGggPSA=

aW52YWxpZCBVVEYtMzIgc3RyaW5nOiBsZW5ndGggPSA=
dW5leHBlY3RlZCBieXRlIDB4ezA6WDJ9IGluIHN0cmluZyBvZiB0eXBlIHsxfQ==
dW5leHBlY3RlZCBjaGFyYWN0ZXIgVSt7MDpYNH0gaW4gc3RyaW5nIG9mIHR5cGUgezF9
Y2Fubm90IGluZmVyIGRhdGUgdHlwZTogezB9OnsxfQ==
dW5zdXBwb3J0ZWQgZGF0ZSB0eXBlOiA=
Wg==
MDAwMA==
aW52YWxpZCB7MH0gc3RyaW5nOiAnezF9Jw==
aW52YWxpZCB0YWcgY2xhc3M6IA==
aW52YWxpZCB0YWcgdmFsdWU6IA==
SW52YWxpZCBzaWduZWQgaW50ZWdlciAoZW1wdHkp
SW52YWxpZCBudW1iZXIgb2YgdW51c2VkIGJpdHMgaW4gQklUIFNUUklORzog
aW52YWxpZCBPSUQgKGVtcHR5IGVsZW1lbnQp
aW52YWxpZCBjaGFyYWN0ZXIgVSt7MDpYNH0gaW4gT0lE
T0lEIGVsZW1lbnQgb3ZlcmZsb3c=
aW52YWxpZCBPSUQgKG5vdCBlbm91Z2ggZWxlbWVudHMp
aW52YWxpZCBPSUQgKGZpcnN0IGVsZW1lbnRzIG91dCBvZiByYW5nZSk=
Y2Fubm90IGVuY29kZSB5ZWFyIHswfSBhcyBVVENUaW1l
ezA6ZDJ9ezE6ZDJ9ezI6ZDJ9ezM6ZDJ9ezQ6ZDJ9ezU6ZDJ9Wg==
ezA6ZDR9ezE6ZDJ9ezI6ZDJ9ezM6ZDJ9ezQ6ZDJ9ezU6ZDJ9
ezB9LnsxOmQxfQ==
ezB9LnsxOmQyfQ==
ezB9LnsxOmQzfQ==
dW5zdXBwb3J0ZWQgdGltZSB0eXBlOiA=
LS0tLS1CRUdJTiA=
LS0tLS1FTkQg
MS4zLjYuMS41LjUuNw==
aWQtcGtpeA==
MS4zLjYuMS41LjUuNy4x
aWQtcGU=
MS4zLjYuMS41LjUuNy4y
aWQtcXQ=
MS4zLjYuMS41LjUuNy4z
aWQta3A=
MS4zLjYuMS41LjUuNy40OA==
aWQtYWQ=
MS4zLjYuMS41LjUuNy4yLjE=
aWQtcXQtY3Bz
MS4zLjYuMS41LjUuNy4yLjI=
aWQtcXQtdW5vdGljZQ==
MS4zLjYuMS41LjUuNy40OC4x
aWQtYWQtb2NzcA==
MS4zLjYuMS41LjUuNy40OC4y
aWQtYWQtY2FJc3N1ZXJz
MS4zLjYuMS41LjUuNy40OC4z
aWQtYWQtdGltZVN0YW1waW5n
MS4zLjYuMS41LjUuNy40OC41
aWQtYWQtY2FSZXBvc2l0b3J5
Mi41LjQ=
aWQtYXQ=
Mi41LjQuNDE=
aWQtYXQtbmFtZQ==
Mi41LjQuNA==
aWQtYXQtc3VybmFtZQ==
Mi41LjQuNDI=
aWQtYXQtZ2l2ZW5OYW1l
Mi41LjQuNDM=
aWQtYXQtaW5pdGlhbHM=
Mi41LjQuNDQ=
aWQtYXQtZ2VuZXJhdGlvblF1YWxpZmllcg==
Mi41LjQuMw==
aWQtYXQtY29tbW9uTmFtZQ==
Mi41LjQuNw==
aWQtYXQtbG9jYWxpdHlOYW1l
Mi41LjQuOA==
aWQtYXQtc3RhdGVPclByb3ZpbmNlTmFtZQ==
Mi41LjQuMTA=
aWQtYXQtb3JnYW5pemF0aW9uTmFtZQ==
Mi41LjQuMTE=
aWQtYXQtb3JnYW5pemF0aW9uYWxVbml0TmFtZQ==
Mi41LjQuMTI=
aWQtYXQtdGl0bGU=
Mi41LjQuNDY=
aWQtYXQtZG5RdWFsaWZpZXI=
Mi41LjQuNg==
aWQtYXQtY291bnRyeU5hbWU=
Mi41LjQuNQ==
aWQtYXQtc2VyaWFsTnVtYmVy
Mi41LjQuNjU=
aWQtYXQtcHNldWRvbnlt
MC45LjIzNDIuMTkyMDAzMDAuMTAwLjEuMjU=
aWQtZG9tYWluQ29tcG9uZW50
MS4yLjg0MC4xMTM1NDkuMS45
cGtjcy05
MS4yLjg0MC4xMTM1NDkuMS45LjE=
aWQtZW1haWxBZGRyZXNz
Mi41LjI5
aWQtY2U=
Mi41LjI5LjM1
aWQtY2UtYXV0aG9yaXR5S2V5SWRlbnRpZmllcg==
Mi41LjI5LjE0
aWQtY2Utc3ViamVjdEtleUlkZW50aWZpZXI=
Mi41LjI5LjE1
aWQtY2Uta2V5VXNhZ2U=
Mi41LjI5LjE2
aWQtY2UtcHJpdmF0ZUtleVVzYWdlUGVyaW9k
Mi41LjI5LjMy
aWQtY2UtY2VydGlmaWNhdGVQb2xpY2llcw==
Mi41LjI5LjMz
aWQtY2UtcG9saWN5TWFwcGluZ3M=
Mi41LjI5LjE3
aWQtY2Utc3ViamVjdEFsdE5hbWU=
Mi41LjI5LjE4
aWQtY2UtaXNzdWVyQWx0TmFtZQ==
Mi41LjI5Ljk=
aWQtY2Utc3ViamVjdERpcmVjdG9yeUF0dHJpYnV0ZXM=
Mi41LjI5LjE5
aWQtY2UtYmFzaWNDb25zdHJhaW50cw==
Mi41LjI5LjMw
aWQtY2UtbmFtZUNvbnN0cmFpbnRz
Mi41LjI5LjM2
aWQtY2UtcG9saWN5Q29uc3RyYWludHM=
Mi41LjI5LjMx
aWQtY2UtY1JMRGlzdHJpYnV0aW9uUG9pbnRz
Mi41LjI5LjM3
aWQtY2UtZXh0S2V5VXNhZ2U=
Mi41LjI5LjM3LjA=
YW55RXh0ZW5kZWRLZXlVc2FnZQ==
MS4zLjYuMS41LjUuNy4zLjE=
aWQta3Atc2VydmVyQXV0aA==
MS4zLjYuMS41LjUuNy4zLjI=
aWQta3AtY2xpZW50QXV0aA==
MS4zLjYuMS41LjUuNy4zLjM=
aWQta3AtY29kZVNpZ25pbmc=
MS4zLjYuMS41LjUuNy4zLjQ=
aWQta3AtZW1haWxQcm90ZWN0aW9u
MS4zLjYuMS41LjUuNy4zLjg=
aWQta3AtdGltZVN0YW1waW5n
MS4zLjYuMS41LjUuNy4zLjk=
aWQta3AtT0NTUFNpZ25pbmc=
Mi41LjI5LjU0
aWQtY2UtaW5oaWJpdEFueVBvbGljeQ==
Mi41LjI5LjQ2
aWQtY2UtZnJlc2hlc3RDUkw=
MS4zLjYuMS41LjUuNy4xLjE=
aWQtcGUtYXV0aG9yaXR5SW5mb0FjY2Vzcw==
MS4zLjYuMS41LjUuNy4xLjEx
aWQtcGUtc3ViamVjdEluZm9BY2Nlc3M=
Mi41LjI5LjIw
aWQtY2UtY1JMTnVtYmVy
Mi41LjI5LjI4
aWQtY2UtaXNzdWluZ0Rpc3RyaWJ1dGlvblBvaW50
Mi41LjI5LjI3
aWQtY2UtZGVsdGFDUkxJbmRpY2F0b3I=
Mi41LjI5LjIx
aWQtY2UtY1JMUmVhc29ucw==
Mi41LjI5LjI5
aWQtY2UtY2VydGlmaWNhdGVJc3N1ZXI=
Mi41LjI5LjIz
aWQtY2UtaG9sZEluc3RydWN0aW9uQ29kZQ==
Mi4yLjg0MC4xMDA0MC4y
V1JPTkctaG9sZEluc3RydWN0aW9u
Mi4yLjg0MC4xMDA0MC4yLjE=
V1JPTkctaWQtaG9sZGluc3RydWN0aW9uLW5vbmU=
Mi4yLjg0MC4xMDA0MC4yLjI=
V1JPTkctaWQtaG9sZGluc3RydWN0aW9uLWNhbGxpc3N1ZXI=
Mi4yLjg0MC4xMDA0MC4yLjM=
V1JPTkctaWQtaG9sZGluc3RydWN0aW9uLXJlamVjdA==
Mi41LjI5LjI0
aWQtY2UtaW52YWxpZGl0eURhdGU=
MS4yLjg0MC4xMDA0MC4y
aG9sZEluc3RydWN0aW9u
MS4yLjg0MC4xMDA0MC4yLjE=
aWQtaG9sZGluc3RydWN0aW9uLW5vbmU=
MS4yLjg0MC4xMDA0MC4yLjI=
aWQtaG9sZGluc3RydWN0aW9uLWNhbGxpc3N1ZXI=
MS4yLjg0MC4xMDA0MC4yLjM=
aWQtaG9sZGluc3RydWN0aW9uLXJlamVjdA==
MS4yLjg0MC4xMTM1NDkuMS4x
cGtjcy0x
MS4yLjg0MC4xMTM1NDkuMS4xLjE=
cnNhRW5jcnlwdGlvbg==
MS4yLjg0MC4xMTM1NDkuMS4xLjc=
aWQtUlNBRVMtT0FFUA==
MS4yLjg0MC4xMTM1NDkuMS4xLjk=
aWQtcFNwZWNpZmllZA==
MS4yLjg0MC4xMTM1NDkuMS4xLjEw
aWQtUlNBU1NBLVBTUw==
MS4yLjg0MC4xMTM1NDkuMS4xLjI=
bWQyV2l0aFJTQUVuY3J5cHRpb24=
MS4yLjg0MC4xMTM1NDkuMS4xLjQ=
bWQ1V2l0aFJTQUVuY3J5cHRpb24=
MS4yLjg0MC4xMTM1NDkuMS4xLjU=
c2hhMVdpdGhSU0FFbmNyeXB0aW9u
MS4yLjg0MC4xMTM1NDkuMS4xLjEx
c2hhMjU2V2l0aFJTQUVuY3J5cHRpb24=
MS4yLjg0MC4xMTM1NDkuMS4xLjEy
c2hhMzg0V2l0aFJTQUVuY3J5cHRpb24=
MS4yLjg0MC4xMTM1NDkuMS4xLjEz
c2hhNTEyV2l0aFJTQUVuY3J5cHRpb24=
MS4zLjE0LjMuMi4yNg==
aWQtc2hhMQ==
MS4yLjg0MC4xMTM1NDkuMi4y
aWQtbWQy
MS4yLjg0MC4xMTM1NDkuMi41
aWQtbWQ1
MS4yLjg0MC4xMTM1NDkuMS4xLjg=
aWQtbWdmMQ==
Mi4xNi44NDAuMS4xMDEuMw==
Y3Nvcg==
Mi4xNi44NDAuMS4xMDEuMy40
bmlzdEFsZ29yaXRobXM=
Mi4xNi44NDAuMS4xMDEuMy40LjA=
Y3Nvck1vZHVsZXM=
Mi4xNi44NDAuMS4xMDEuMy40LjAuMQ==
YWVzTW9kdWxlMQ==
Mi4xNi44NDAuMS4xMDEuMy40LjE=
YWVz
Mi4xNi44NDAuMS4xMDEuMy40LjEuMQ==
aWQtYWVzMTI4LUVDQg==
Mi4xNi44NDAuMS4xMDEuMy40LjEuMg==
aWQtYWVzMTI4LUNCQw==
Mi4xNi44NDAuMS4xMDEuMy40LjEuMw==
aWQtYWVzMTI4LU9GQg==
Mi4xNi44NDAuMS4xMDEuMy40LjEuNA==
aWQtYWVzMTI4LUNGQg==
Mi4xNi44NDAuMS4xMDEuMy40LjEuNQ==
aWQtYWVzMTI4LXdyYXA=
Mi4xNi44NDAuMS4xMDEuMy40LjEuNg==
aWQtYWVzMTI4LUdDTQ==
Mi4xNi44NDAuMS4xMDEuMy40LjEuNw==
aWQtYWVzMTI4LUNDTQ==
Mi4xNi44NDAuMS4xMDEuMy40LjEuOA==
aWQtYWVzMTI4LXdyYXAtcGFk
Mi4xNi44NDAuMS4xMDEuMy40LjEuMjE=
aWQtYWVzMTkyLUVDQg==
Mi4xNi44NDAuMS4xMDEuMy40LjEuMjI=
aWQtYWVzMTkyLUNCQw==
Mi4xNi44NDAuMS4xMDEuMy40LjEuMjM=
aWQtYWVzMTkyLU9GQg==
Mi4xNi44NDAuMS4xMDEuMy40LjEuMjQ=
aWQtYWVzMTkyLUNGQg==
Mi4xNi44NDAuMS4xMDEuMy40LjEuMjU=
aWQtYWVzMTkyLXdyYXA=
Mi4xNi44NDAuMS4xMDEuMy40LjEuMjY=
aWQtYWVzMTkyLUdDTQ==
Mi4xNi44NDAuMS4xMDEuMy40LjEuMjc=
aWQtYWVzMTkyLUNDTQ==
Mi4xNi44NDAuMS4xMDEuMy40LjEuMjg=
aWQtYWVzMTkyLXdyYXAtcGFk
Mi4xNi44NDAuMS4xMDEuMy40LjEuNDE=
aWQtYWVzMjU2LUVDQg==
Mi4xNi44NDAuMS4xMDEuMy40LjEuNDI=
aWQtYWVzMjU2LUNCQw==
Mi4xNi44NDAuMS4xMDEuMy40LjEuNDM=
aWQtYWVzMjU2LU9GQg==
Mi4xNi44NDAuMS4xMDEuMy40LjEuNDQ=
aWQtYWVzMjU2LUNGQg==
Mi4xNi44NDAuMS4xMDEuMy40LjEuNDU=
aWQtYWVzMjU2LXdyYXA=
Mi4xNi44NDAuMS4xMDEuMy40LjEuNDY=
aWQtYWVzMjU2LUdDTQ==
Mi4xNi44NDAuMS4xMDEuMy40LjEuNDc=
aWQtYWVzMjU2LUNDTQ==
Mi4xNi44NDAuMS4xMDEuMy40LjEuNDg=
aWQtYWVzMjU2LXdyYXAtcGFk
Mi4xNi44NDAuMS4xMDEuMy40LjI=
aGFzaEFsZ3M=
Mi4xNi44NDAuMS4xMDEuMy40LjIuMQ==
aWQtc2hhMjU2
Mi4xNi44NDAuMS4xMDEuMy40LjIuMg==
aWQtc2hhMzg0
Mi4xNi44NDAuMS4xMDEuMy40LjIuMw==
aWQtc2hhNTEy
Mi4xNi44NDAuMS4xMDEuMy40LjIuNA==
aWQtc2hhMjI0
Mi4xNi44NDAuMS4xMDEuMy40LjIuNQ==
aWQtc2hhNTEyLTIyNA==
Mi4xNi44NDAuMS4xMDEuMy40LjIuNg==
aWQtc2hhNTEyLTI1Ng==
Mi4xNi44NDAuMS4xMDEuMy40LjM=
c2lnQWxncw==
Mi4xNi44NDAuMS4xMDEuMy40LjMuMQ==
aWQtZHNhLXdpdGgtc2hhMjI0
Mi4xNi44NDAuMS4xMDEuMy40LjMuMg==
aWQtZHNhLXdpdGgtc2hhMjU2
MS4yLjg0MC4xMTM1NDk=
cnNhZHNp
MS4yLjg0MC4xMTM1NDkuMg==
ZGlnZXN0QWxnb3JpdGht
MS4yLjg0MC4xMTM1NDkuMi43
aWQtaG1hY1dpdGhTSEEx
MS4yLjg0MC4xMTM1NDkuMi44
aWQtaG1hY1dpdGhTSEEyMjQ=
MS4yLjg0MC4xMTM1NDkuMi45
aWQtaG1hY1dpdGhTSEEyNTY=
MS4yLjg0MC4xMTM1NDkuMi4xMA==
aWQtaG1hY1dpdGhTSEEzODQ=
MS4yLjg0MC4xMTM1NDkuMi4xMQ==
aWQtaG1hY1dpdGhTSEE1MTI=
MS4yLjg0MC4xMDA0MC40
eDlhbGdvcml0aG0=
eDljbQ==
MS4yLjg0MC4xMDA0MC40LjE=
ZHNh
MS4yLjg0MC4xMDA0MC40LjM=
ZHNhLXdpdGgtc2hhMQ==
MS4zLjE0LjMuMi4y
bWQ0V2l0aFJTQQ==
MS4zLjE0LjMuMi4z
bWQ1V2l0aFJTQQ==
MS4zLjE0LjMuMi40
bWQ0V2l0aFJTQUVuY3J5cHRpb24=
MS4zLjE0LjMuMi4xMg==
ZHNhU0VD
MS4zLjE0LjMuMi4xMw==
ZHNhV2l0aFNIQVNFQw==
MS4zLjE0LjMuMi4yNw==
ZHNhV2l0aFNIQTFTRUM=
MS4zLjYuMS40LjEuMzExLjIwLjI=
bXMtY2VydFR5cGU=
MS4zLjYuMS40LjEuMzExLjIwLjIuMg==
bXMtc21hcnRjYXJkTG9nb24=
MS4zLjYuMS40LjEuMzExLjIwLjIuMw==
bXMtVXNlclByaW5jaXBhbE5hbWU=
bXMtVVBO
T0lEIG5hbWUgY29sbGlzaW9uOiA=
aWQt
aWQtYWQt
LUlB
aWQta3At
LUVLVQ==
dW5yZWNvZ25pemVkIE9JRCBuYW1lOiA=
Lg==
Li4=
ZGF0YSBiaWdnZXIgdGhhbiB0b3RhbFNpemUsIGNhbm5vdCBwYWQgd2l0aCAwJ3M=
anVkb3pldGVseWVjY2xvc2U=
WypdIEFjdGlvbjogQXNrIFRHUw0K
L292ZXJpemVwYWxpc21uZXdmaWxpc2U=
L2V4Y2l0eXplYmVzc2hlbQ==
L2tpbmdpbnRyYXZlbHljb3JyZW5jeQ==
L3RoaWFwbGFub3RpY3dyZXRpY2g=
L3VudHNpZmlsdGVyYWxjbG9zdGljYWw=
L3NvZGFoYW91YXBsZXRyYWRpYW5pc20=
L3BsdW1lZHBpY3VsYXJ5aGVwdGF0ZWQ=
UkM0
TlRMTQ==
QUVTMTI4
QUVTMjU2
QUVT
REVT
VW5zdXBwb3J0ZWQgZXR5cGUgOiB7MH0=
L3dpZXN0ZXJ2aXNpbmdidWxsdWxs
L3JlZWhpbmVzc2h5cGViZWU=
W1hdIE9uZSBvciBtb3JlICcvc2VydmljZTpzbmFtZS9zZXJ2ZXIuZG9tYWluLmNvbScgc3BlY2lmaWNhdGlvbnMgYXJlIG5lZWRlZA==
L3JlY2Vpc21vcmluZ2RlbGxhdGVz
L3lha3BlbHBvcnJlZnVs
L2F0cmVhdHNhbGl6aW5nYmVuZQ==
L2dlb3R5cGlkdW53b3Jtb255c292ZXJz
DQpbWF0gL3RnczpYIG11c3QgZWl0aGVyIGJlIGEgLmtpcmJpIGZpbGUgb3IgYSBiYXNlNjQgZW5jb2RlZCAua2lyYmkNCg==
L2RpYWduZXNzZmx1aXRpc2hlYXZlbnQ=
L2xpdHltYXJzc2NvbnRpYWw=
L3N1ZHN5cHNlc3VwZXM=
L3VuZ2FmZXJ5c3RyZXRpbmc=
DQpbWF0gL3RpY2tldDpYIG11c3QgZWl0aGVyIGJlIGEgLmtpcmJpIGZpbGUgb3IgYSBiYXNlNjQgZW5jb2RlZCAua2lyYmkNCg==
DQpbWF0gQSAvdGlja2V0OlggbmVlZHMgdG8gYmUgc3VwcGxpZWQhDQo=
cGVudGlmaWVzdGVyaWVkZmVk
WypdIEFjdGlvbjogQXNrIFRHVA0K
L3BpdGlzZW1ldHNwYXRoZXM=
L21ldGVsbGFub3RyaWNoZXR0YQ==
L2ludGVkZHVzdHJhbmduYW50
L2JpdG9yeWxhaXRhbHNhcHJpc2U=
ezB9ezF9
JA==
ezB9aG9zdHsxfS57Mn0=
L3R1a3VzYW5kc2x1Y3RpYw==
L2ZsYXRpb25ib29rc3RhdGlvbg==
L2xhbmNlcWFpZHNpbnRlcmhlYQ==
L2xpbmVzY3J1c3Nlc2V4cGVyY2VpYw==
L3Vuam95a2VwcmVjb25jZW9tZQ==
L3RpbW90aXNyaWJhc2ljc29yaW9u
L3ByZWFsbGluZWduYXJ5
L3VuZGVhbGl6ZWJ1bWV0cm9jbGlu
L2RlbnRyZWRpbnRlcmNlZA==
WypdIFZlcmlmeWluZyB0aGUgZW50aXJlIGNlcnRpZmljYXRlIGNoYWluIQ0K
L3Byb3RlcnBlbnJldGhlc2lu
L3N0ZXJvdmVsb3JlZXJnYW5jZQ==
L21lcmlwcG9ubWFnaXN0dHViZXJnbGU=
L2Rlc2ZvcmVpc3RzYW5pYXJibw==
W1hdIEludmFsaWQgTFVJRCBmb3JtYXQgKHswfSkNCg==
L3ZlbmVzc3RvcGluZ3BhdmU=
W1hdIFlvdSBuZWVkIHRvIGJlIGluIGhpZ2ggaW50ZWdyaXR5IHRvIGFwcGx5IGEgdGlja2V0IHRvIGNyZWF0ZWQgbG9nb24gc2Vzc2lvbg==
L2dvc3Nhb3ZlcnNoYXJtb2xlcg==
DQpbWF0gWW91IG11c3Qgc3VwcGx5IGEgdXNlciBuYW1lIQ0K
DQpbWF0gWW91IG11c3Qgc3VwcGx5IGEgL3Bhc3N3b3JkLCAvY2VydGlmaWNhdGUgb3IgYSBbL2Rlc3wvcmM0fC9hZXMxMjh8L2FlczI1Nl0gaGFzaCENCg==
L2Rpc2NvcGh5cGhhbmNvZGU=
DQpbWF0gT25seSAvZGVzLCAvcmM0LCAvYWVzMTI4LCBhbmQgL2FlczI1NiBhcmUgc3VwcG9ydGVkIGF0IHRoaXMgdGltZS4NCg==
W1hdIFVzaW5nIC9vcHNlYyBidXQgbm90IHVzaW5nIC9lbmN0eXBlOmFlczI1NiwgdG8gZm9yY2UgdGhpcyBiZWhhdmlvdXIgdXNlIC9mb3JjZQ==
DQpbWF0gS1JCLUVSUk9SICh7MH0pIDogezF9OiB7Mn0NCg==
DQpbWF0gS1JCLUVSUk9SICh7MH0pIDogezF9DQo=
dW5pdG9yY29tcGVyaXNoc3Rlcg==
DQpbKl0gQWN0aW9uOiBBUy1SRVAgcm9hc3RpbmcNCg==
Z3lyZWRseW1hdGVpc29waHk=
L3RhYmJsb2lkcGFuY3k=
L3ZpdmFsdm9pZGRpc2thdGhsaXR5
L2tlbHBlbmNvZ2lhdGVz
L2ltcGxlYWxzcXVhbnRpbmdhY3JhY2VtZQ==
L21hdGNoaGV4aWNhbHRhdWdlcg==
LitcLis=
DQpbWF0gL2NyZWR1c2VyIHNwZWNpZmljYXRpb24gbXVzdCBiZSBpbiBmcWRuIGZvcm1hdCAoZG9tYWluLmNvbVx1c2VyKQ0K
L2FkdWxhdGlvbmxhbW1hbGx5dHJhbGxhcmlj
DQpbWF0gL2NyZWRwYXNzd29yZCBpcyByZXF1aXJlZCB3aGVuIHNwZWNpZnlpbmcgL2NyZWR1c2VyDQo=
bWVudGFibGVhbmFjbGVyeWhleGFjdGluZw==
DQpbKl0gQWN0aW9uOiBQZXJmb3JtIEtlcmJlcm9zIEJydXRlIEZvcmNlDQo=
DQpbK10gRG9uZTogQ3JlZGVudGlhbHMgc2hvdWxkIGJlIHNhdmVkIGluICJ7MH0iDQo=
DQpbK10gRG9uZQ0K
DQpbLV0gRG9uZTogTm8gY3JlZGVudGlhbHMgd2VyZSBkaXNjb3ZlcmVkIDonKA0K
DQo=
W1hdIC9jcmVkdXNlciBzcGVjaWZpY2F0aW9uIG11c3QgYmUgaW4gZnFkbiBmb3JtYXQgKGRvbWFpbi5jb21cdXNlcik=
W1hdIC9jcmVkcGFzc3dvcmQgaXMgcmVxdWlyZWQgd2hlbiBzcGVjaWZ5aW5nIC9jcmVkdXNlcg==
L2Jld3JheWluZ2ZlbmRhYmxlc3F1YWxpc2Vk
W1hdIFVuYWJsZSB0byBvcGVuIHBhc3N3b3JkcyBmaWxlICI=
IjogTm90IGZvdW5kIGZpbGU=
W1hdIFlvdSBtdXN0IHN1cHBseSBhIHBhc3N3b3JkISBVc2UgL3Bhc3N3b3JkOjxwYXNzd29yZD4gb3IgL3Bhc3N3b3Jkczo8ZmlsZT4=
L3JlYW5sb2ZmZXJpdGU=
W1hdIFVuYWJsZSB0byBvcGVuIHVzZXJzIGZpbGUgIg==
L2R1cGxuZXdmYXRlcmVjdGl0ZQ==
L3RoZWZpYnN1YnByaWM=
ezB9XHsxfQ==
W1hdIENyZWRlbnRpYWxzIHN1cHBsaWVkIGZvciAn
JyBhcmUgaW52YWxpZCE=
WypdIFVzaW5nIGFsdGVybmF0ZSBjcmVkcyAgOiB7MH0NCg==
KHNhbUFjY291bnRUeXBlPTgwNTMwNjM2OCk=
c2FtQWNjb3VudE5hbWU=
W1hdIExvZ2luIGVycm9yIHdoZW4gcmV0cmlldmluZyB1c2VybmFtZXMgZnJvbSBkYyAi
IiEgVHJ5IGl0IGJ5IHByb3ZpZGluZyB2YWxpZCAvY3JlZHVzZXIgYW5kIC9jcmVkcGFzc3dvcmQ=
W1hdIEVycm9yIGNvbm5lY3Rpbmcgd2l0aCB0aGUgZGMgIg==
IiEgTWFrZSBzdXJlIHRoYXQgcHJvdmlkZWQgL2RvbWFpbiBvciAvZGMgYXJlIHZhbGlk
W1hdIEludmFsaWQgc3ludGF4IGluIEROIHNwZWNpZmljYXRpb24hIE1ha2Ugc3VyZSB0aGF0IC9vdSBpcyBjb3JyZWN0
W1hdIFRoZXJlIGlzIG5vIHN1Y2ggb2JqZWN0IG9uIHRoZSBzZXJ2ZXIhIE1ha2Ugc3VyZSB0aGF0IC9vdSBpcyBjb3JyZWN0
W1hdIFVuYWJsZSB0byBmaW5kIERDIGFkZHJlc3MhIFRyeSBpdCBieSBwcm92aWRpbmcgL2RvbWFpbiBvciAvZGM=
TERBUDovL3swfQ==
bGRhcA==
TERBUA==
TERBUDovLw==
ezB9L3sxfQ==
LERDPQ==
ezB9L0RDPXsxfQ==
WytdIFNUVVBFTkRPVVMgPT4gezB9OnsxfQ==
WytdIFVOTFVDS1kgPT4gezB9OnsxfSAoezJ9KQ==
WytdIFZhbGlkIHVzZXIgPT4gezB9
Wy1dIEludmFsaWQgdXNlciA9PiB7MH0=
Wy1dIEJsb2NrZWQvRGlzYWJsZWQgdXNlciA9PiB7MH0=
DQpbWF0gezB9IEtSQi1FUlJPUiAoezF9KSA6IHsyfQ0K
ezB9OnsxfXsyfQ==
W1hdIFVuYWJsZSB0byB3cml0ZSBjcmVkZW50aWFscyBpbiAiezB9IjogQWNjZXNzIGRlbmllZA==
LmtpcmJp
WypdIFNhdmVkIFRHVCBpbnRvIHswfQ==
WypdIGJhc2U2NCh7MH0ua2lyYmkpOg0K
ICAgICAgezB9
c3luZGVmZXJtb2JpdHNtZWx5
WypdIEFjdGlvbjogUmVzZXQgVXNlciBQYXNzd29yZCAoQW9yYXRvUHcpDQo=
L3BodGhhbmdseW1lZGljYWJsZW1pbm9zaXM=
DQpbWF0gTmV3IHBhc3N3b3JkIG11c3QgYmUgc3VwcGxpZWQgd2l0aCAvbmV3OlggIQ0K
DQpbWF0vdGlja2V0OlggbXVzdCBlaXRoZXIgYmUgYSAua2lyYmkgZmlsZSBvciBhIGJhc2U2NCBlbmNvZGVkIC5raXJiaQ0K
d2F0ZWF0dGxlcmRlY2FuY2U=
DQpbKl0gQWN0aW9uOiBDcmVhdGUgUHJvY2VzcyAoL25ldG9ubHkpDQo=
L2xldXRpbmdwZXJzbHlyaXR5
DQpbWF0gQSAvcHJvZ3JhbSBuZWVkcyB0byBiZSBzdXBwbGllZCENCg==
L3BoZW5ldGluZ2NsZXJ5cGhvbmRpYmxl
DQpbKl0gVXNpbmcgcmFuZG9tIHVzZXJuYW1lIGFuZCBwYXNzd29yZC4NCg==
DQpbKl0gVXNpbmcg
XA==
Og==
DQpbWF0gRXhwbGljaXQgY3JlZHMgcmVxdWlyZSAvdXNlcm5hbWUsIC9wYXNzd29yZCwgYW5kIC9kb21haW4gdG8gYmUgc3VwcGxpZWQhDQo=
dGlsZGlzdHZhdGlvbg==
L2xlZ2VhYmxlbWljbmV2aXRhbGxz
DQpbKl0gQWN0aW9uOiBEaXNwbGF5IGN1cnJlbnQgbG9nb24gc2Vzc2lvbiBpbmZvcm1hdGlvbg0K
DQpbKl0gQWN0aW9uOiBEaXNwbGF5IGFsbCBsb2dvbiBzZXNzaW9uIGluZm9ybWF0aW9uDQo=
WyFdIEVycm9yIHBhcnNpbmcgbHVpZDogezB9
ICAgIExVSUQgICAgICAgICAgOiB7MH0gKHsxfSk=
ICAgIFVzZXJOYW1lICAgICAgOiB7MH0=
ICAgIExvZ29uRG9tYWluICAgOiB7MH0=
ICAgIFNJRCAgICAgICAgICAgOiB7MH0=
ICAgIEF1dGhQYWNrYWdlICAgOiB7MH0=
ICAgIExvZ29uVHlwZSAgICAgOiB7MH0gKHsxfSk=
ICAgIFNlc3Npb24gICAgICAgOiB7MH0=
ICAgIExvZ29uVGltZSAgICAgOiB7MH0=
ICAgIExvZ29uU2VydmVyICAgOiB7MH0=
ICAgIERuc0RvbWFpbk5hbWUgOiB7MH0=
ICAgIFVwbiAgICAgICAgICAgOiB7MH0NCg==
c3VyYWx3aXN0bWVuc2Vs
DQpbKl0gQWN0aW9uOiBEaXNwbGF5IGN1cnJlbnQgTFVJRA0K
WypdIEN1cnJlbnQgTG9nb25JRCAoTFVJRCkgOiB7MH0gKHsxfSkNCg==
cGlsYWRkaW5yZWRsdWJiaWxpbmU=
DQpbKl0gQWN0aW9uOiBEZXNjcmliZSBUaWNrZXQNCg==
L3NvdW50aXNvbWV0c2Npbmc=
L29hcmRlcm15c3RpY2lvc2lzbmFzYXRpY2Fs
L21lc3Rvd21hbmRhcnVuYWJsZQ==
Z29uZWNoYXJtaW5hbnVud2lzaGE=
WypdIEFjdGlvbjogRGlhbW9uZCBUaWNrZXQNCg==
NTIwLDUxMiw1MTMsNTE5LDUxOA==
L2FwcGhpY292ZXJzYmlkZW50
L2lkZWFjZWFlbWlyZWFwdGlu
L3BsYXRpdmVzcGxldGFyaQ==
L3NlbWljcHNlYXBvcmlh
L3ByZWNvbG9neWFmZnJpc2FiaWJsZXM=
W1hdIFVuYWJsZSB0byByZXRyaWV2ZSBUR1QgdXNpbmcgdGd0ZGVsZWc=
dHphbmdhbmVwaGFuZHBhaW5pbmc=
DQpBY3Rpb246IER1bXAgS2VyYmVyb3MgVGlja2V0IERhdGEgKEFsbCBVc2VycykNCg==
DQpBY3Rpb246IER1bXAgS2VyYmVyb3MgVGlja2V0IERhdGEgKEN1cnJlbnQgVXNlcikNCg==
L2NvaWR0ZWF0aW5nc2lyZXdhdGVz
dm9sY2FuZHVucG9ydHN0aWxlZA==
WypdIEFjdGlvbjogVEdUIEhhcnZlc3RpbmcgKHdpdGggYXV0by1yZW5ld2FsKQ==
L2NoaWVzZGVlZG92ZXJpbmc=
L2FjYWxseWN1cmF1bnByZWw=
L3JldmVkbGVib2RldXNzdXJhbA==
L3ZhbW9zZW1lbGFuaWdlcw==
L2ZvcmVyb3VzcGVyaWlkYWVhdXRvcmk=
L25vbml6ZWRydW1oYWw=
L2RlbWllc2Jvd2xlc3NkZWJvb2s=
WypdIFRhcmdldCB1c2VyICAgICA6IHswOnh9
WypdIE1vbml0b3JpbmcgZXZlcnkgezB9IHNlY29uZHMgZm9yIG5ldyBUR1Rz
WypdIERpc3BsYXlpbmcgdGhlIHdvcmtpbmcgVEdUIGNhY2hlIGV2ZXJ5IHswfSBzZWNvbmRz
WypdIFJ1bm5pbmcgY29sbGVjdGlvbiBmb3IgezB9IHNlY29uZHM=
a29kcm9pY2ludGVyeW1vbnRlcg==
DQpbKl0gQWN0aW9uOiBDYWxjdWxhdGUgUGFzc3dvcmQgSGFzaChlcykNCg==
W1hdIC9wYXNzd29yZDpYIG11c3QgYmUgc3VwcGxpZWQh
ZWxvbWJnb25pc21jaG9tZXI=
DQpbKl0gQWN0aW9uOiBLZXJiZXJvYXN0aW5nDQo=
cmM0
L25vbmVyaWVzZHJ1bmtlcm5vbnM=
L3BlcmluZ3BzZXVkb2RlZGVsZXI=
L2luZ2luc3RhdG9yY2hlcmlzdA==
L2NlcGhhbnRicmF2ZWR3YWxrYW4=
L211bHRpdGlvbmhleGlzc2FiYWxh
cmM0b3BzZWM=
L211Y2tldG9yY29sb3VzbGV0ZXI=
L2ludGVyaW50ZXJtZXNidWxhcg==
L3BvbHl6YWFudHNhdGU=
L3NhaGl0ZXRyb3BvbGVhbnRvbG9naWM=
L21vZGVyaWRkbGVycmVjYXJkaW5n
WyFdIFdBUk5JTkc6IGRlbGF5IGlzIGluIG1pbGxpc2Vjb25kcyEgUGxlYXNlIGVudGVyIGEgdmFsdWUgPiAxMDAu
L2dhbG5vbmdyYW5zZW5mbw==
W1hdIEppdHRlciBtdXN0IGJlIGFuIGludGVnZXIgYmV0d2VlbiAxLTEwMC4=
W1hdIEppdHRlciBtdXN0IGJlIGJldHdlZW4gMS0xMDA=
L2Nhcm1pbmVkaW50aW50aWNpemVz
L2hvdG9wZWFwYWRlbXVzbHk=
DQpbWF0gL3NwbiBvciAvc3BucyBpcyByZXF1aXJlZCB3aGVuIHNwZWNpZnlpbmcgL25vcHJlYXV0aA0K
aWxsYXJ5dW5zeWNocm9uaWFu
DQpBY3Rpb246IExpc3QgS2VyYmVyb3MgVGlja2V0cyAoQWxsIFVzZXJzKQ0K
DQpBY3Rpb246IExpc3QgS2VyYmVyb3MgVGlja2V0cyAoQ3VycmVudCBVc2VyKQ0K
Z2F6aW5nd2hlbGllZHVucmV0ZnVs
WypdIEFjdGlvbjogVEdUIE1vbml0b3Jpbmc=
dHV0ZXN0b25pc3R1bmJyYW50
WypdIEFjdGlvbjogU2NhbiBmb3IgYWNjb3VudHMgbm90IHJlcXVpcmluZyBLZXJiZXJvcyBQcmUtQXV0aGVudGljYXRpb24NCg==
W1hdIE5vIHVzZXJuYW1lcyB0byB0cnksIGV4aXRpbmcu
ZGlhYmx5Zm9pbGRlbmJvaw==
DQpbKl0gQWN0aW9uOiBJbXBvcnQgVGlja2V0
YXBocmVwaGFncmVzc2lvbg==
DQpbKl0gQWN0aW9uOiBQdXJnZSBUaWNrZXRz
THVpZDogezB9
cm9kZGFtZW50ZmVycnltb2xldGlj
L2ludGl2ZWx5c3VwZXJpbmdwb2NrdHJhbA==
WypdIEFjdGlvbjogQXV0by1SZW5ldyBUaWNrZXQNCg==
WypdIEFjdGlvbjogUmVuZXcgVGlja2V0DQo=
ZHJ5aXRlbXVsdGlzbQ==
WypdIEFjdGlvbjogUzRVDQo=
L3dlbHZlcml6ZXVsdHVyZ2luYW50
DQpbWF0gWW91IG11c3Qgc3VwcGx5IGVpdGhlciBhIC9pbXBlcnNvbmF0ZXVzZXIgb3IgYSAvdGdzLCBidXQgbm90IGJvdGguDQo=
L3dyeWZsb3J5dW5nbHk=
L2RlcGFucGFsYXVndXN1Ymhpc20=
L2NtZHBsdXJyaWVxdWFyb2l0
L3Bvc3Rha2luZ2VtYm9sbG91c21lbA==
L3JvdXNhdXJpY2hlbWhlbGltZW50
L3JvbWluaWFucGFyeWFkbWk=
DQpbWF0gWW91IG11c3Qgc3VwcGx5IGEgL3RncyB0byBpbXBlcnNvbmF0ZSENCg==
W1hdIEFsdGVybmF0aXZlbHksIHN1cHBseSBhIC9pbXBlcnNvbmF0ZXVzZXIgdG8gcGVyZm9ybSBTNFUyU2VsZiBmaXJzdC4NCg==
DQpbWF0gSWYgYSAvdGdzIGlzIHN1cHBsaWVkLCB5b3UgbXVzdCBhbHNvIHN1cHBseSBhIC9tc2Rzc3BuICENCg==
DQpbWF0gWW91IG11c3Qgc3VwcGx5IGEgL3JjNCBvciAvYWVzMjU2IGhhc2ghDQo=
DQpbWF0gQSAvdGlja2V0OlggbmVlZHMgdG8gYmUgc3VwcGxpZWQgZm9yIFM0VSENCg==
W1hdIEFsdGVybmF0aXZlbHksIHN1cHBseSBhIC91c2VyIGFuZCA8L3JjNDpYIHwgL2FlczI1NjpYPiBoYXNoIHRvIGZpcnN0IHJldHJpZXZlIGEgVEdULg0K
YXJjaGVyc3NwYWNpbmNhYWxnaWE=
WypdIEFjdGlvbjogQnVpbGQgVEdUDQo=
MWQ=
L2Ryb21hc3RyaWFsYXZhbGVy
L2hhbmV0aWNub25lcmRlYQ==
L3ZvdGljYWxseWN1Ym9ycm9vZmVzdGlj
L3JhYmxlc2lwZWx2ZXJtaXN0
L2xla2l0b25lZnV0dG9jYWw=
L2Jlcm51bmNhcnVzZGlzaA==
L3VuZGFsdW50ZXJraW5nZ3JpZXM=
L2NodWx1bmRlcmNvbHlzdHBvc3RnZW50
L2ltcGVyY3VtbG9zb2Z0bGVyYW50cw==
L2ZvcmdlZG1vbnNlaWxlY29nZW5jZQ==
L2FudGxlbm9uZGViZW5lc3NlaQ==
L3B0ZXJoZXJrZW50cmFsb3NlbHk=
L3JldGVyd29vZGFyeXBvbnRhYmxl
L3NleGVzbm9uY3lkb3VzbmVzdA==
L2NhcnBpbnBvbHlzaXNwc2V1ZGllcw==
L2Nvcm9ndWVkc3Rvb2xzZ25vbmU=
L3Nhc3JlYW53b29mYWtoYXRh
L2ZpeGVkc3VicGxhdGVkYnJvb21pbmc=
WyFdIFJlc291cmNlIGdyb3VwIHZhbHVlIGludmFsaWQ6IHswfQ==
L25vbnJlbmFsc3ViaHlwZXJzY3JvZW5vbA==
W1hdIEVycm9yIHRoZSBmb2xsb3dpbmcgZmxhZyBuYW1lIHBhc3NlZCBpcyBub3QgdmFsaWQ6IHswfQ==
L2ludmVzdHN0d2luZ3VuY28=
L2NvY2N1c2lvbmdyYW1lbnRvYmxpZ2h0
L3J1ZGVwbGFjdGlvbnZlcm5hbGx5
L2Nob2xhbmVub250cmFkbw==
L2R1bGF1bmFyaWNjeWFuemlkZXI=
W1hdIEVycm9yIHVuYWJsZSB0byBwYXJzZSBzdXBwbGllZCAvc3RhcnR0aW1lIHswfTogezF9
L2FuZGVuaXRlZGV5ZXNvZG9u
WyFdIFVuYWJsZSB0byBwYXJzZSBzdXBwbGllZCAvYXV0aHRpbWUgezB9OiB7MX0=
L3BhcmFuZ2F0YXB1bGlnaHRoZXJz
WyFdIElnbm9yaW5nIGludmFsaWQgL3JhbmdlZW5kIGFyZ3VtZW50OiB7MH0=
L2Fkam91cmVkYmF2YXB0ZW5zaW9u
L2xvY2NsaW5nYWJzY3JvZmZmbG93c29uaWE=
L3JlY3V0b3J5bGFyeXRyZWxlcg==
L21lc2lhcGxldGVycG9zYQ==
L291dGRvbXNwZWx0b3ZlcmJlcw==
DQpbWF0gWW91IG11c3Qgc3VwcGx5IGEgWy9kZXN8L3JjNHwvYWVzMTI4fC9hZXMyNTZdIGhhc2ghDQo=
a3JidGd0L3swfQ==
aW50ZXJlcnNiYXJyZWNyZXN0ZW0=
WypdIEFjdGlvbjogQnVpbGQgVEdTDQo=
L3dvcmtvcmx5bWFycmlh
W1hdIFNQTiAnL3NlcnZpY2U6c25hbWUvc2VydmVyLmRvbWFpbi5jb20nIGlzIHJlcXVpcmVk
L3BhcnRlZGFsbHlhcmNpdGVk
WyFdICcva3Jia2V5JyBub3Qgc3BlY2lmaWVkIGlnbm9yaW5nIHRoZSAnL2tyYmVuY3R5cGUnIGFyZ3VtZW50
L3VucHVibGVub25zcGVlZGFjdHM=
L2Jhcmdvc2FudGVyYXV0ZQ==
L2xpdGF4aWVyYXBwbGV0YmVk
L2Z1c2VuZXVyanVoZGlvcw==
L2xldXJvdXNzcGlja3NmdWxuYXM=
W1hdIE5lZWQgdG8gc3VwcGx5IGJvdGggJy9zNHVwcm94eXRhcmdldCcgYW5kICcvczR1dHJhbnNpdGVkc2VydmljZXMnLg0K
Y2hlZHJvZGVzYXJjaGVtaWFkcmlmZXI=
DQpbKl0gQWN0aW9uOiBTZXJ2aWNlIFRpY2tldCBzbmFtZSBTdWJzdGl0dXRpb24NCg==
DQpbWF0gQW4gL2FsdHNlcnZpY2U6U05BTUUgb3IgL2FsdHNlcnZpY2U6U05BTUUvaG9zdCBuZWVkcyB0byBiZSBzdXBwbGllZCENCg==
b3ZlcnJpZXNldGhuaWNwYXJhY3RlZA==
DQpbKl0gQWN0aW9uOiBSZXF1ZXN0IEZha2UgRGVsZWdhdGlvbiBUR1QgKGN1cnJlbnQgdXNlcikNCg==
L3RyaXN0cXVhcnJhZ2VjYXhpdGlvbmU=
aHlkcm9kZGljY2hpdnpldWdodGVy
DQpBY3Rpb246IFRyaWFnZSBLZXJiZXJvcyBUaWNrZXRzIChBbGwgVXNlcnMpDQo=
DQpBY3Rpb246IFRyaWFnZSBLZXJiZXJvcyBUaWNrZXRzIChDdXJyZW50IFVzZXIpDQo=
c3ByYXk=
WypdIFVzaW5nIHswfSBoYXNoOiB7MX0=
WypdIEJ1aWxkaW5nIEFTLVJFUSAody8gcHJlYXV0aCkgZm9yOiAnezB9XHsxfSc=
Wy1dIEFTLVJFUSB3L28gcHJlYXV0aCBzdWNjZXNzZnVsISB7MH0gaGFzIHByZS1hdXRoZW50aWNhdGlvbiBkaXNhYmxlZCE=
WyFdIFByZS1BdXRoZW50aWNhdGlvbiByZXF1aXJlZCE=
WyFdCUFFUzI1NiBTYWx0OiB7MH0=
WyFdCUFFUzEyOCBTYWx0OiB7MH0=
WyFdIEZhaWxlZCB0byBmaW5kIGNlcnRpZmljYXRlIGZvciB7MH0=
WypdIFVzaW5nIFBLSU5JVCB3aXRoIGV0eXBlIHswfSBhbmQgc3ViamVjdDogezF9IA==
WypdIEJ1aWxkaW5nIEFTLVJFUSAody8gUEtJTklUIHByZWF1dGgpIGZvcjogJ3swfVx7MX0n
T25seSAvZGVzLCAvcmM0LCAvYWVzMTI4LCBhbmQgL2FlczI1NiBhcmUgc3VwcG9ydGVkIGF0IHRoaXMgdGltZQ==
WypdIFRhcmdldCBMVUlEIDogezB9
W1hdIFVuYWJsZSB0byBnZXQgZG9tYWluIGNvbnRyb2xsZXIgYWRkcmVzcw==
WypdIFVzaW5nIGRvbWFpbiBjb250cm9sbGVyOiB7MH06ODg=
WypdIFNlbmRpbmcgcmVxdWVzdCB2aWEgS0RDIHByb3h5OiB7MH0=
W1hdIE5vIGFuc3dlciBmcm9tIGRvbWFpbiBjb250cm9sbGVy
RXJyb3IgcGFyc2luZyByZXNwb25zZSBBUy1SRVE6IHswfS4gIEJhc2U2NCByZXNwb25zZTogezF9
WytdIFRHVCByZXF1ZXN0IHN1Y2Nlc3NmdWwh
W1hdIFVua25vd24gYXBwbGljYXRpb24gdGFnOiA=
WypdIFJlcXVlc3RpbmcgZGVmYXVsdCBldHlwZXMgKFJDNF9ITUFDLCBBRVNbMTI4LzI1Nl1fQ1RTX0hNQUNfU0hBMSkgZm9yIHRoZSBzZXJ2aWNlIHRpY2tldA==
WypdIFJlcXVlc3RpbmcgJ3swfScgZXR5cGUgZm9yIHRoZSBzZXJ2aWNlIHRpY2tldA==
WypdIEJ1aWxkaW5nIEtleUxpc3QgVEdTLVJFUSByZXF1ZXN0IGZvcjogJ3swfSc=
WypdIEJ1aWxkaW5nIFRHUy1SRVEgcmVxdWVzdCBmb3I6ICd7MH0n
WypdIEJ1aWxkaW5nIFVzZXItdG8tVXNlciBUR1MtUkVRIHJlcXVlc3QgZm9yOiAnezB9Jw==
WypdIEJ1aWxkaW5nIFRHUy1SRVEgcmVxdWVzdA==
WytdIFRHUyByZXF1ZXN0IHN1Y2Nlc3NmdWwh
WypdICcvb3BzZWMnIHBhc3NlZCBhbmQgc2VydmljZSB0aWNrZXQgaGFzIHRoZSAnb2stYXMtZGVsZWdhdGUnIGZsYWcgc2V0LCByZXF1ZXN0aW5nIGEgZGVsZWdhdGVkIFRHVC4=
WypdIGJhc2U2NCh0aWNrZXQua2lyYmkpOg0K
DQpbKl0gVGlja2V0IHdyaXR0ZW4gdG8gezB9DQo=
W1hdIFVuYWJsZSB0byBnZXQgdGhlIFBBQw==
L3VzZXI6ezB9IC9pZDp7MX0gL3BnaWQ6ezJ9IC9sb2dvbmNvdW50OnszfSAvYmFkcHdkY291bnQ6ezR9IC9zaWQ6ezV9IC9uZXRiaW9zOns2fQ==
ezB9IC9kaXNwbGF5bmFtZToiezF9Ig==
ezB9IC9zY3JpcHRwYXRoOiJ7MX0i
ezB9IC9wcm9maWxlcGF0aDoiezF9Ig==
ezB9IC9ob21lZGlyOiJ7MX0i
ezB9IC9ob21lZHJpdmU6InsxfSI=
ezB9IC9ncm91cHM6ezF9
LA==
ezB9IC9zaWRzOnsxfQ==
ezB9IC9yZXNvdXJjZWdyb3Vwc2lkOnsxfSAvcmVzb3VyY2Vncm91cHM6ezJ9
ezB9IC9sb2dvZmZ0aW1lOiJ7MX0i
ezB9IC9wd2RsYXN0c2V0OiJ7MX0i
ezB9IC9taW5wYXNzYWdlOnsxfWQ=
ezB9IC9tYXhwYXNzYWdlOnsxfWQ=
ezB9IC9kYzp7MX0uezJ9
ezB9IC91YWM6ezF9
ezB9
IA==
DQpbKl0gUHJpbnRpbmcgYXJndW1lbnQgbGlzdCBmb3IgdXNlIHdpdGggUnViZXVzJyAnZ29sZGVuJyBvciAnc2lsdmVyJyBjb21tYW5kczoNCg0KezB9DQo=
DQpbWF0gVW5rbm93biBhcHBsaWNhdGlvbiB0YWc6IHswfQ==
WyFdIFdhcm5pbmc6IFN1cHBsaWVkIGVuY3lwdGlvbiBrZXkgdHlwZSBpcyB7MH0gYnV0IEFTLVJFUCBjb250YWlucyBkYXRhIGVuY3J5cHRlZCB3aXRoIHsxfQ==
W1hdIEVuY3J5cHRpb24gdHlwZSAi
IiBub3QgY3VycmVudGx5IHN1cHBvcnRlZA==
W1hdIEVycm9yIHBhcnNpbmcgZW5jcnlwdGVkIHBhcnQgb2YgQVMtUkVQOiA=
W1hdIEZhaWxlZCB0byBkZWNyeXB0IFRHVCB1c2luZyBzdXBwbGllZCBwYXNzd29yZC9oYXNoLiBJZiB0aGlzIFRHVCB3YXMgcmVxdWVzdGVkIHdpdGggbm8gcHJlYXV0aCB0aGVuIHRoZSBwYXNzd29yZCBzdXBwbGllZCBtYXkgYmUgaW5jb3JyZWN0IG9yIHRoZSBkYXRhIHdhcyBlbmNyeXB0ZWQgd2l0aCBhIGRpZmZlcmVudCB0eXBlIG9mIGVuY3J5cHRpb24gdGhhbiBleHBlY3RlZA==
WypdIEdldHRpbmcgY3JlZGVudGlhbHMgdXNpbmcgVTJVDQo=
ICBDcmVkZW50aWFsSW5mbyAgICAgICAgIDo=
ICAgIFZlcnNpb24gICAgICAgICAgICAgIDogezB9
ICAgIEVuY3J5cHRpb25UeXBlICAgICAgIDogezB9
ICAgIENyZWRlbnRpYWxEYXRhICAgICAgIDo=
ICAgICAgQ3JlZGVudGlhbENvdW50ICAgIDogezB9
ezB9OnsxfQ==
ICAgICAgIHswfSAgICAgICAgICAgICAgOiB7MX0=
ICAgIENyZWRlbnRpYWxEYXRhICAgIDogICAqKiogTk8gS0VZICoqKg==
WypdIHswfTogUHJlLUF1dGggTm90IFJlcXVpcmVk
WypdIHswfTogUHJlLUF1dGggUmVxdWlyZWQ=
W1hdIHswfSByZXR1cm5lZCBlcnJvciAoezF9KSA6IHsyfQ==
UGxlYXNlIHNldCB0aGUgY29sdW1ucyBmaXJzdA==
VGhlIG51bWJlciBjb2x1bW5zIGluIHRoZSByb3cgKHswfSkgZG9lcyBub3QgbWF0Y2ggdGhlIHZhbHVlcyAoezF9
IHwgew==
LC0=
fQ==
IHw=
IHswfSA=
IHs=
WypdIElucHV0IHBhc3N3b3JkICAgICAgICAgICAgIDogezB9
WypdIElucHV0IHVzZXJuYW1lICAgICAgICAgICAgIDogezB9
WypdIElucHV0IGRvbWFpbiAgICAgICAgICAgICAgIDogezB9
WypdIFNhbHQgICAgICAgICAgICAgICAgICAgICAgIDogezB9
WypdICAgICAgIHJjNF9obWFjICAgICAgICAgICAgIDogezB9
DQpbIV0gL3VzZXI6WCBhbmQgL2RvbWFpbjpZIG5lZWQgdG8gYmUgc3VwcGxpZWQgdG8gY2FsY3VsYXRlIEFFUyBhbmQgREVTIGhhc2ggdHlwZXMh
WypdICAgICAgIGFlczEyOF9jdHNfaG1hY19zaGExIDogezB9
WypdICAgICAgIGFlczI1Nl9jdHNfaG1hY19zaGExIDogezB9
WypdICAgICAgIGRlc19jYmNfbWQ1ICAgICAgICAgIDogezB9
RXJyb3Igb24gQ0RMb2NhdGVDU3lzdGVt
LQ==
Q0RMb2NhdGVDaGVja1N1bSBmYWlsZWQ=
ZGF0YSBkb2Vzbid0IGFwcGVhciB0byBiZSBhbiBBU04uMSBlbmNvZGVkIElOVEVSR0VS
Y2VydGlmaWNhdGU=
DQpbWF0gWW91IG5lZWQgdG8gaGF2ZSBhbiBlbGV2YXRlZCBjb250ZXh0IHRvIGR1bXAgb3RoZXIgdXNlcnMnIEtlcmJlcm9zIHRpY2tldHMgOiggDQo=
a3JidGd0
WypdIFNsZWVwaW5nIHVudGlsIHswfSAoezF9IHNlY29uZHMpIGZvciBuZXh0IGRpc3BsYXkNCg==
WypdIENvbXBsZXRlZCBydW5uaW5nIGZvciB7MH0gc2Vjb25kcywgZXhpdGluZw0K
DQpbKl0gezB9IFVUQyAtIEZvdW5kIG5ldyBUR1Q6DQo=
WypdIFRpY2tldCBjYWNoZSBzaXplOiB7MH0NCg==
DQpbKl0gUmVmcmVzaGluZyBUR1QgdGlja2V0IGNhY2hlICh7MH0pDQo=
WyFdIFJlbW92aW5nIFRHVCBmb3IgezB9QHsxfQ0K
aGFydmVzdGVyVGlja2V0Q2FjaGUgY291bnQ6IHswfQ==
WypdIFJlbmV3aW5nIFRHVCBmb3IgezB9QHsxfQ0K
WypdIFRpY2tldCBjYWNoZSBzaXplOiB7MH0=
W0VSUk9SXSBTcGxpdCgpIC0gc2luZ2xlTGluZVN0cmluZw==
W0VSUk9SXSBTcGxpdCgpIC0gJ2NvbHVtbnMnIG11c3QgYmUgZ3JlYXRlciB0aGFuIDAu
XlthLXpBLVowLTlcKy9dKj17MCwzfSQ=
DQpbWF0gSGFzaCBtdXN0IGJlIDE2LCAzMiBvciA2NCBjaGFyYWN0ZXJzIGluIGxlbmd0aA0K
W1hdIEVycm9yIGludmFsaWQgbXVsdGlwbGllciBzcGVjaWZpZWQgezB9LCBza2lwcGluZy4=
bQ==
aA==
ZA==
TQ==
eQ==
d2lubG9nb24=
WyFdIEdldFN5c3RlbSgpIC0gT3BlblByb2Nlc3NUb2tlbiBmYWlsZWQh
WyFdIEdldFN5c3RlbSgpIC0gRHVwbGljYXRlVG9rZW4gZmFpbGVkIQ==
WyFdIEdldFN5c3RlbSgpIC0gSW1wZXJzb25hdGVMb2dnZWRPblVzZXIgZmFpbGVkIQ==
W1hdIEdldFRva2VuSW5mb3JtYXRpb24gZXJyb3I6IHswfQ==
WypdIFNob3dpbmcgcHJvY2VzcyA6IHswfQ==
WypdIFVzZXJuYW1lICAgICAgICA6IHswfQ==
WypdIERvbWFpbiAgICAgICAgICA6IHswfQ==
WypdIFBhc3N3b3JkICAgICAgICA6IHswfQ==
W1hdIENyZWF0ZVByb2Nlc3NXaXRoTG9nb25XIGVycm9yOiB7MH0=
WytdIFByb2Nlc3MgICAgICAgICA6ICd7MH0nIHN1Y2Nlc3NmdWxseSBjcmVhdGVkIHdpdGggTE9HT05fVFlQRSA9IDk=
WytdIFByb2Nlc3NJRCAgICAgICA6IHswfQ==
W1hdIE9wZW5Qcm9jZXNzVG9rZW4gZXJyb3I6IHswfQ==
WyFdIENyZWF0ZVByb2Nlc3NOZXRPbmx5KCkgLSBEdXBsaWNhdGVUb2tlbiBmYWlsZWQh
WyFdIENyZWF0ZVByb2Nlc3NOZXRPbmx5KCkgLSBJbXBlcnNvbmF0ZUxvZ2dlZE9uVXNlciBmYWlsZWQh
WytdIExVSUQgICAgICAgICAgICA6IHswfQ==
LnswfQ==
KFt7MH1dKlwuKyQpfChbezB9XSsp
Xw==
ezB9IGFscmVhZHkgZXhpc3RzISBEYXRhIG5vdCB3cml0dGVuIHRvIGZpbGUuDQo=
DQpFeGNlcHRpb246IHswfQ==
c2VydmljZXByaW5jaXBhbG5hbWU=
bWVtYmVyb2Y=
bGFzdGxvZ29u
bGFzdGxvZ29mZg==
cHdkbGFzdHNldA==
YmFkcGFzc3dvcmR0aW1l
bGFzdGxvZ29udGltZXN0YW1w
d2hlbmNoYW5nZWQ=
d2hlbmNyZWF0ZWQ=
dXNlcmFjY291bnRjb250cm9s
bXNkcy1zdXBwb3J0ZWRlbmNyeXB0aW9udHlwZXM=
b2JqZWN0c2lk
YnVmZmVyIGNhbm5vdCBiZSBudWxsIG9yIDAgbGVuZ3Ro
c2VjQnVmZmVyQnl0ZXNBcnJheSBjYW5ub3QgYmUgbnVsbCBvciAwIGxlbmd0aA==
T2JqZWN0IGhhcyBhbHJlYWR5IGJlZW4gZGlzcG9zZWQhISE=
XjB4WzAtOUEtRmEtZl0rJA==
XlxkKyQ=
UGFzc2VkIExVSUQgc3RyaW5nIHZhbHVlIGlzIG5vdCBpbiBhIGhleCBvciBkZWNpbWFsIGZvcm0=
MHh7MDp4fQ==
TlRTVEFVVFMgZXJyb3IgY29kZSAweHswfQ==
TlRTVEFUVVMgZXJyb3IgY29kZSAweHswfTog
ICBbWF0gQSBrZXkgZm9yIHRoZSBhdXRoZW50aWNhdG9yIGlzIG5lZWRlZCB0byBidWlsZCBhbiBBUC1SRVE=
QVMtUkVQIHRhZyB2YWx1ZSBzaG91bGQgYmUgMTE=
Rmlyc3QgQVMtUkVQIHN1YiBzaG91bGQgYmUgYSBzZXF1ZW5jZQ==
QA==
a2FkbWlu
Y2hhbmdlcHc=
QVMtUkVRIHRhZyB2YWx1ZSBzaG91bGQgYmUgMTA=
Rmlyc3QgQVMtUkVRIHN1YiBzaG91bGQgYmUgYSBzZXF1ZW5jZQ==
SW52YWxpZCB0YWcgQVMtUkVRIHZhbHVlIDogezB9
eXl5eU1NZGRISG1tc3Na
MjAzNzA5MTMwMjQ4MDVa
RXhwZWN0ZWQgU0VRVUVOQ0UgZm9yIHR5cGUgREhSZXBJbmZv
WyFdIERIUmVwSW5mbyBTaWduYXR1cmUgTm90IFZhbGlkISAtIERvIHlvdSBldmVuIGNhcmU/
VW5leHBlY3RlZCB0YWcgdHlwZSBmb3IgS0RDREhLZXlJbmZv
U3ViQXV0aG9yaXR5
VmFsdWU=
ZGQvTU0veXl5eSBISDptbTpzcy5mZmY=
UmVzZXJ2ZWQx
UmVzZXJ2ZWQz
ZGF0YQ==
TG1QYXNzd29yZA==
TnRQYXNzd29yZA==
TmFtZQ==
Q3JlZGVudGlhbHM=
MS4yLjg0MC4xMDA0Ni4yLjE=
WytdIFNlcXVlbmNlIG51bWJlciBpczogezB9
S2VyYmVyb3M=
RXhwZWN0ZWQgQ09OVEVYVCB3aXRoIENIT0lDRSBmb3IgUEEtUEstQVMtUkVQ
VW5leHBlY3RlZCBDSE9JQ0UgdmFsdWUgZm9yIFBBLVBLLUFTLVJFUA==
MS4zLjYuMS41LjIuMy4x
VEdTLVJFUCB0YWcgdmFsdWUgc2hvdWxkIGJlIDEz
Rmlyc3QgVEdTLVJFUCBzdWIgc2hvdWxkIGJlIGEgc2VxdWVuY2U=
W1hdIEVycm9yOiBpbnZhbGlkIFRHU19SRVEgc25hbWUgJ3swfSc=
VXNlcjMyTG9nb25Qcm9jZXNzcw==
Q291bGQgbm90IGVsZXZhdGUgdG8gc3lzdGVt
DQpbWF0gRXJyb3IgezB9IGNhbGxpbmcgTHNhQ2FsbEF1dGhlbnRpY2F0aW9uUGFja2FnZSgpIGZvciB0YXJnZXQgInsxfSIgOiB7Mn0=
W1hdIFlvdSBuZWVkIHRvIGJlIGluIGhpZ2ggaW50ZWdyaXR5IGZvciB0aGUgYWN0aW9ucyBzcGVjaWZpZWQu
WypdIFRhcmdldCBzZXJ2aWNlICA6IHswOnh9
WypdIFRhcmdldCBzZXJ2ZXIgICA6IHswOnh9
WypdIFRhcmdldCBMVUlEICAgICA6IHswOnh9
WypdIEN1cnJlbnQgTFVJRCAgICA6IHswfQ0K
a2VyYmVyb3M=
LipcJCQ=
XnswfS8uKg==
LiovezB9
XmtyYnRndC8uKg==
W1hdIEV4Y2VwdGlvbjogezB9
TFVJRA==
VXNlck5hbWU=
U2VydmljZQ==
RW5kVGltZQ==
ICBVc2VyTmFtZSAgICAgICAgICAgICAgICAgOiB7MH0=
ICBEb21haW4gICAgICAgICAgICAgICAgICAgOiB7MH0=
ICBMb2dvbklkICAgICAgICAgICAgICAgICAgOiB7MH0=
ICBVc2VyU0lEICAgICAgICAgICAgICAgICAgOiB7MH0=
ICBBdXRoZW50aWNhdGlvblBhY2thZ2UgICAgOiB7MH0=
ICBMb2dvblR5cGUgICAgICAgICAgICAgICAgOiB7MH0=
ICBMb2dvblRpbWUgICAgICAgICAgICAgICAgOiB7MH0=
ICBMb2dvblNlcnZlciAgICAgICAgICAgICAgOiB7MH0=
ICBMb2dvblNlcnZlckROU0RvbWFpbiAgICAgOiB7MH0=
ICBVc2VyUHJpbmNpcGFsTmFtZSAgICAgICAgOiB7MH0NCg==
ezB9IEAgezF9
ICAgIFt7MDp4fV0gLSAweHsxOnh9IC0gezJ9
ICAgICAgU3RhcnQvRW5kL01heFJlbmV3OiB7MH0gOyB7MX0gOyB7Mn0=
ICAgICAgU2VydmVyIE5hbWUgICAgICAgOiB7MH0gQCB7MX0=
ICAgICAgQ2xpZW50IE5hbWUgICAgICAgOiB7MH0gQCB7MX0=
ICAgICAgRmxhZ3MgICAgICAgICAgICAgOiB7MH0gKHsxOnh9KQ0K
Lw==
ezB9VXNlciAgICAgICAgICAgICAgICAgIDogIHsxfUB7Mn0=
ezB9U3RhcnRUaW1lICAgICAgICAgICAgIDogIHsxfQ==
ezB9RW5kVGltZSAgICAgICAgICAgICAgIDogIHsxfQ==
ezB9UmVuZXdUaWxsICAgICAgICAgICAgIDogIHsxfQ==
ezB9RmxhZ3MgICAgICAgICAgICAgICAgIDogIHsxfQ==
ezB9QmFzZTY0RW5jb2RlZFRpY2tldCAgIDoNCg==
ezB9ICB7MX0=
DQp7MH1TZXJ2aWNlTmFtZSAgICAgICAgICAgICAgOiAgezF9
ezB9U2VydmljZVJlYWxtICAgICAgICAgICAgIDogIHsxfQ==
ezB9VXNlck5hbWUgICAgICAgICAgICAgICAgIDogIHsxfQ==
ezB9VXNlclJlYWxtICAgICAgICAgICAgICAgIDogIHsxfQ==
ezB9U3RhcnRUaW1lICAgICAgICAgICAgICAgIDogIHsxfQ==
ezB9RW5kVGltZSAgICAgICAgICAgICAgICAgIDogIHsxfQ==
ezB9UmVuZXdUaWxsICAgICAgICAgICAgICAgIDogIHsxfQ==
ezB9RmxhZ3MgICAgICAgICAgICAgICAgICAgIDogIHsxfQ==
ezB9S2V5VHlwZSAgICAgICAgICAgICAgICAgIDogIHsxfQ==
ezB9QmFzZTY0KGtleSkgICAgICAgICAgICAgIDogIHsxfQ==
ezB9UGFzc3dvcmQgSGFzaCAgICAgICAgICAgIDogIHsyfQ==
ezB9QVNSRVAgKGtleSkgICAgICAgICAgICAgIDogIHsxfQ==
ezB9Uk9EQyBOdW1iZXIgICAgICAgICAgICAgIDogIHsxfQ==
DQpbIV0gU2VydmljZSB0aWNrZXQgdXNlcyBlbmNyeXB0aW9uIHR5cGUgJ3swfScsIHVuYWJsZSB0byBleHRyYWN0IGhhc2ggYW5kIHNhbHQu
aG9zdHswfS57MX0=
WyFdIEFFUzI1NiBpbiB1c2UgYnV0IG5vICcvc2VydmljZXVzZXInIHBhc3NlZCwgdW5hYmxlIHRvIGdlbmVyYXRlIGNyYWNrYWJsZSBoYXNoLg==
ezB9RGVjcnlwdGVkIFBBQyAgICAgICAgICAgIDo=
ezB9ICBDbGllbnROYW1lICAgICAgICAgICAgIDo=
ezB9ICAgIENsaWVudCBJZCAgICAgICAgICAgIDogezF9
ezB9ICAgIENsaWVudCBOYW1lICAgICAgICAgIDogezF9
ezB9ICBVcG5EbnMgICAgICAgICAgICAgICAgIDo=
ezB9ICAgIEROUyBEb21haW4gTmFtZSAgICAgIDogezF9
ezB9ICAgIFVQTiAgICAgICAgICAgICAgICAgIDogezF9
ezB9ICAgIEZsYWdzICAgICAgICAgICAgICAgIDogKHsxfSkgezJ9
ezB9ICAgIFNhbU5hbWUgICAgICAgICAgICAgIDogezF9
ezB9ICAgIFNpZCAgICAgICAgICAgICAgICAgIDogezF9
VkFMSUQ=
SU5WQUxJRA==
VU5WQUxJREFURUQ=
ezB9ICB7MX0gICAgICAgIHsyfTo=
ezB9ICAgIFNpZ25hdHVyZSBUeXBlICAgICAgIDogezF9
ezB9ICAgIFNpZ25hdHVyZSAgICAgICAgICAgIDogezF9ICh7Mn0p
ezB9ICBMb2dvbkluZm8gICAgICAgICAgICAgIDo=
ezB9ICAgIExvZ29uVGltZSAgICAgICAgICAgIDogezF9
ezB9ICAgIExvZ29mZlRpbWUgICAgICAgICAgIDogezF9
ezB9ICAgIEtpY2tPZmZUaW1lICAgICAgICAgIDogezF9
ezB9ICAgIFBhc3N3b3JkTGFzdFNldCAgICAgIDogezF9
ezB9ICAgIFBhc3N3b3JkQ2FuQ2hhbmdlICAgIDogezF9
ezB9ICAgIFBhc3N3b3JkTXVzdENoYW5nZSAgIDogezF9
ezB9ICAgIEVmZmVjdGl2ZU5hbWUgICAgICAgIDogezF9
ezB9ICAgIEZ1bGxOYW1lICAgICAgICAgICAgIDogezF9
ezB9ICAgIExvZ29uU2NyaXB0ICAgICAgICAgIDogezF9
ezB9ICAgIFByb2ZpbGVQYXRoICAgICAgICAgIDogezF9
ezB9ICAgIEhvbWVEaXJlY3RvcnkgICAgICAgIDogezF9
ezB9ICAgIEhvbWVEaXJlY3RvcnlEcml2ZSAgIDogezF9
ezB9ICAgIExvZ29uQ291bnQgICAgICAgICAgIDogezF9
ezB9ICAgIEJhZFBhc3N3b3JkQ291bnQgICAgIDogezF9
ezB9ICAgIFVzZXJJZCAgICAgICAgICAgICAgIDogezF9
ezB9ICAgIFByaW1hcnlHcm91cElkICAgICAgIDogezF9
ezB9ICAgIEdyb3VwQ291bnQgICAgICAgICAgIDogezF9
ezB9ICAgIEdyb3VwcyAgICAgICAgICAgICAgIDogezF9
ezB9ICAgIFVzZXJGbGFncyAgICAgICAgICAgIDogKHsxfSkgezJ9
ezB9ICAgIFVzZXJTZXNzaW9uS2V5ICAgICAgIDogezF9
ezB9ICAgIExvZ29uU2VydmVyICAgICAgICAgIDogezF9
ezB9ICAgIExvZ29uRG9tYWluTmFtZSAgICAgIDogezF9
ezB9ICAgIExvZ29uRG9tYWluSWQgICAgICAgIDogezF9
ezB9ICAgIFVzZXJBY2NvdW50Q29udHJvbCAgIDogKHsxfSkgezJ9
ezB9ICAgIEV4dHJhU0lEQ291bnQgICAgICAgIDogezF9
ezB9ICAgIEV4dHJhU0lEcyAgICAgICAgICAgIDogezF9
ezB9ICAgIFJlc291cmNlR3JvdXBDb3VudCAgIDogezF9
ezB9ICAgIFJlc291cmNlR3JvdXBTaWQgICAgIDogezF9
ezB9ICAgIFJlc291cmNlR3JvdXBzICAgICAgIDogezF9
ezB9ICBDcmVkZW50aWFsSW5mbyAgICAgICAgIDo=
ezB9ICAgIFZlcnNpb24gICAgICAgICAgICAgIDogezF9
ezB9ICAgIEVuY3J5cHRpb25UeXBlICAgICAgIDogezF9
ezB9ICAgIENyZWRlbnRpYWxEYXRhICAgICAgIDo=
ezB9ICAgICAgQ3JlZGVudGlhbENvdW50ICAgIDogezF9
ICAgICAgICAgIHswfSAgICAgICAgICAgICA6IHsxfQ==
ezB9ICAgIENyZWRlbnRpYWxEYXRhICAgIDogICAqKiogTk8gS0VZICoqKg==
ezB9ICBTNFVEZWxlZ2F0aW9uSW5mbyAgICAgIDo=
ezB9ICAgIFM0VTJQcm94eVRhcmdldCAgICAgIDogezF9
ezB9ICAgIFRyYW5zaXRlZExpc3RTaXplICAgIDogezF9
ezB9ICAgIFM0VVRyYW5zaXRlZFNlcnZpY2VzIDogezF9
IDw9IA==
ezB9ICBSZXF1ZXN0b3IgICAgICAgICAgICAgIDo=
ezB9ICAgIFJlcXVlc3RvclNJRCAgICAgICAgIDogezF9
ezB9ICBBdHRyaWJ1dGVzICAgICAgICAgICAgIDo=
ezB9ICAgIEF0dHJpYnV0ZUxlbmd0aCAgICAgIDogezF9
ezB9ICAgIEF0dHJpYnV0ZUZsYWdzICAgICAgIDogKHsxfSkgezJ9
WyFdIFVuYWJsZSB0byBkZWNyeXB0IHRoZSBFbmNUaWNrZXRQYXJ0IHVzaW5nIGtleTogezB9
WyFdIENoZWNrIHRoZSByaWdodCBrZXkgd2FzIHBhc3NlZCBmb3IgdGhlIGVuY3J5cHRpb24gdHlwZTogezB9
TlQgQVVUSE9SSVRZXFNZU1RFTQ==
Wy1dIEVycm9yIHNldHRpbmcgY29ycmVjdCBBQ0xzIGZvciBIS0xNOlx7MH0=
VXNlcm5hbWU=
U3RhcnRUaW1l
UmVuZXdUaWxs
RmxhZ3M=
QmFzZTY0RW5jb2RlZFRpY2tldA==
DQpbKl0gV3JvdGUgezB9IHRpY2tldHMgdG8gSEtMTTpcezF9Lg==
W1hdIFlvdSBuZWVkIHRvIGJlIGluIGhpZ2ggaW50ZWdyaXR5IHRvIGFwcGx5IGEgdGlja2V0IHRvIGEgZGlmZmVyZW50IGxvZ29uIHNlc3Npb24=
W1hdIEVycm9yIHswfSBydW5uaW5nIExzYUxvb2t1cEF1dGhlbnRpY2F0aW9uUGFja2FnZTogezF9
WypdIFRhcmdldCBMVUlEOiAweHswOnh9
W1hdIEVycm9yIHswfSBydW5uaW5nIExzYUxvb2t1cEF1dGhlbnRpY2F0aW9uUGFja2FnZSAoUHJvdG9jYWxTdGF0dXMpOiB7MX0=
WytdIFRpY2tldCBzdWNjZXNzZnVsbHkgaW1wb3J0ZWQh
W1hdIFlvdSBuZWVkIHRvIGJlIGluIGhpZ2ggaW50ZWdyaXR5IHRvIHB1cmdlIHRpY2tldHMgZnJvbSBhIGRpZmZlcmVudCBsb2dvbiBzZXNzaW9u
W1hdIEVycm9yIHswfSBydW5uaW5nIExzYUxvb2t1cEF1dGhlbnRpY2F0aW9uUGFja2FnZSAoUHJvdG9jb2xTdGF0dXMpOiB7MX0=
WytdIFRpY2tldHMgc3VjY2Vzc2Z1bGx5IHB1cmdlZCE=
WypdIE5vIHRhcmdldCBTUE4gc3BlY2lmaWVkLCBhdHRlbXB0aW5nIHRvIGJ1aWxkICdjaWZzL2RjLmRvbWFpbi5jb20n
W1hdIEVycm9yIHJldHJpZXZpbmcgY3VycmVudCBkb21haW4gY29udHJvbGxlcg==
Y2lmcy97MH0=
WypdIEluaXRpYWxpemluZyBLZXJiZXJvcyBHU1MtQVBJIHcvIGZha2UgZGVsZWdhdGlvbiBmb3IgdGFyZ2V0ICd7MH0n
WytdIEtlcmJlcm9zIEdTUy1BUEkgaW5pdGlhbGl6YXRpb24gc3VjY2VzcyE=
WytdIERlbGVnYXRpb24gcmVxdXNldCBzdWNjZXNzISBBUC1SRVEgZGVsZWdhdGlvbiB0aWNrZXQgaXMgbm93IGluIEdTUy1BUEkgb3V0cHV0Lg==
WypdIEZvdW5kIHRoZSBBUC1SRVEgZGVsZWdhdGlvbiB0aWNrZXQgaW4gdGhlIEdTUy1BUEkgb3V0cHV0Lg==
WypdIEF1dGhlbnRpY2F0b3IgZXR5cGU6IHswfQ==
WypdIEV4dHJhY3RlZCB0aGUgc2VydmljZSB0aWNrZXQgc2Vzc2lvbiBrZXkgZnJvbSB0aGUgdGlja2V0IGNhY2hlOiB7MH0=
WytdIFN1Y2Nlc3NmdWxseSBkZWNyeXB0ZWQgdGhlIGF1dGhlbnRpY2F0b3I=
W1hdIEVycm9yOiBJbnZhbGlkIGNoZWNrc3VtIHR5cGU6IHswfQ==
W1hdIEVycm9yOiBVbmFibGUgdG8gZXh0cmFjdCBzZXNzaW9uIGtleSBmcm9tIGNhY2hlIGZvciB0YXJnZXQgU1BOOiB7MH0=
W1hdIEVycm9yOiBLZXJiZXJvcyBPSUQgbm90IGZvdW5kIGluIG91dHB1dCBidWZmZXIh
W1hdIEVycm9yOiBDbGllbnQgaXMgbm90IGFsbG93ZWQgdG8gZGVsZWdhdGUgdG8gdGFyZ2V0OiB7MH0=
W1hdIEVycm9yOiBJbml0aWFsaXplU2VjdXJpdHlDb250ZXh0IGVycm9yOiB7MH0=
W1hdIEVycm9yOiBBY3F1aXJlQ3JlZGVudGlhbHNIYW5kbGUgZXJyb3I6IHswfQ==
WypdIFN1YnN0aXR1dGluZyBpbiBhbHRlcm5hdGUgc2VydmljZSBuYW1lOiB7MH0=
dmFsdWU=
bnVtYmVy
YmkxIG91dCBvZiByYW5nZQ==
YmkyIG91dCBvZiByYW5nZQ==
Yml0TnVtIG91dCBvZiByYW5nZQ==
MDEyMzQ1Njc4OUFCQ0RFRkdISUpLTE1OT1BRUlNUVVZXWFla
Y2hhclNldCBsZW5ndGggbGVzcyB0aGFuIHJhZGl4
Y2hhcmFjdGVyU2V0
VGhlcmUgaXMgbm8gc3VjaCB0aGluZyBhcyByYWRpeCBvbmUgbm90YXRpb24=
cmFkaXg=
MA==
MQ==
eCBvdXQgb2YgcmFuZ2U=
Tm8gaW52ZXJzZSE=
Q29udGV4dA==
VGhlIFJhYmluLU1pbGxlciB0ZXN0IGNhbiBub3QgYmUgZXhlY3V0ZWQgaW4gYSB3YXkgc3VjaCB0aGF0IGl0cyByZXN1bHRzIGFyZSBwcm92YWJsZQ==
Y29uZmlkZW5jZQ==
SGFuZGxlOiB7MH0gLSBBdHRyaWJ1dGVzOiB7MX0=
Rmx1c2hpbmcgezB9IHF1ZXVlZCBlbnRyaWVz
UHVzaGluZyBuZXcgcXVldWUgZW50cnkgRW1wdHk6IHswfQ==
QWRkaW5nIGRlZmVycmVkIGVudHJ5
RGF0YQ==
V3JpdGluZyB0eXBlIHswfSBpcyB1bnN1cHBvcnRlZA==
UGlwZSBzdXBwb3J0IGlzIG5vdCBpbXBsZW1lbnRlZA==
SW52YWxpZCB0eXBlIHswfSBmb3IgezF9
T25seSBzdXBwb3J0IHZlcnNpb24gMSBzZXJpYWxpemF0aW9u
T25seSBzdXBwb3J0IGxpdHRsZS1lbmRpYW4gTkRSIGRhdGEu
VW5leHBlY3RlZCBoZWFkZXIgbGVuZ3Ro
SW52YWxpZCBkYXRhIHJlcHJlc2VudGF0aW9uIGZvciB0eXBlIDEgc2VyaWFsaXplZCBidWZmZXI=
UGlwZSBzdXBwb3J0IG5vdCBpbXBsZW1lbnRlZA==
UG9zOiB7MH0gLSBBbGlnbjogezF9
UmVhZGluZyB0eXBlIHswfSBpcyB1bnN1cHBvcnRlZA==
VW5zdXBwb3J0ZWQgTkRSIGRhdGEgcmVwcmVzZW50YXRpb24=
VHlwZSB7MH0gbm90IHByaW1pdGl2ZQ==
MDAwMDAwMDAtMDAwMC0wMDAwLUMwMDAtMDAwMDAwMDAwMDQ2
MDAwMjA0MDAtMDAwMC0wMDAwLUMwMDAtMDAwMDAwMDAwMDQ2
RDVGNTY5RDAtNTkzQi0xMDFBLUI1NjktMDgwMDJCMkRCRjdB
OEE4ODVEMDQtMUNFQi0xMUM5LTlGRTgtMDgwMDJCMTA0ODYw
NzE3MTA1MzMtQkVCQS00OTM3LTgzMTktQjVEQkVGOUNDQzM2
QjQ1MzdEQTktM0QwMy00RjZCLUI1OTQtNTJCMjg3NEVFOUQw
QmluYXJ5
LT4gUkVQRUFURUQgezB9IExJTkVT
ezA6WDA4fTog
ezA6WDAxNn06IA==
ezA6WDAyfSA=
IC0g
ICAg
MDAgMDEgMDIgMDMgMDQgMDUgMDYgMDcgMDggMDkgMEEgMEIgMEMgMEQgMEUgMEYg
IC0gMDEyMzQ1Njc4OUFCQ0RFRg==
UnBjVHJhY2U=
UlBDIFRyYWNpbmc=
DQogW1hdIEVycm9yIHswfSByZXRyaWV2aW5nIGRvbWFpbiBjb250cm9sbGVyIDogezF9
KFswLTlBLUZhLWZdezEsNH06KXs3fVswLTlBLUZhLWZdezEsNH18KFxkezEsM31cLil7M31cZHsxLDN9
WypdIFVzaW5nIGRvbWFpbiBjb250cm9sbGVyOiB7MH0=
W1hdIEVycm9yOiBObyBkb21haW4gY29udHJvbGxlciBjb3VsZCBiZSBsb2NhdGVk
WypdIFVzaW5nIGRvbWFpbiBjb250cm9sbGVyOiB7MH0gKHsxfSk=
W1hdIEVycm9yIHJlc29sdmluZyBob3N0bmFtZSAnezB9JyB0byBhbiBJUCBhZGRyZXNzOiBubyBJUHY0IG9yIElQdjYgYWRkcmVzcyBmb3VuZA==
W1hdIEVycm9yIHJlc29sdmluZyBob3N0bmFtZSAnezB9JyB0byBhbiBJUCBhZGRyZXNzOiB7MX0=
W1hdIEVycm9yIHJlc29sdmluZyBJUCBhZGRyZXNzICd7MH0nIHRvIGEgbmFtZTogezF9
W1hdIFVuZXhwZWN0ZWQgcmVzZXJ2ZWQgYml0IHNldCBvbiByZXNwb25zZSByZWNvcmQgbWFyayBmcm9tIERvbWFpbiBDb250cm9sbGVyIHswfTp7MX0sIGFib3J0aW5n
W1hdIEluY29tcGxldGUgcmVjb3JkIHJlY2VpdmVkIGZyb20gRG9tYWluIENvbnRyb2xsZXIgezB9OnsxfSwgYWJvcnRpbmc=
W1hdIEVycm9yIGNvbm5lY3RpbmcgdG8gezB9OnsxfSA6IHsyfQ==
W1hdIEZhaWxlZCB0byBnZXQgcmVzcG9uc2UgZnJvbSBEb21haW4gQ29udHJvbGxlciB7MH06ezF9IDogezJ9
W1hdIEVycm9yIHBhcnNpbmcgSVAgYWRkcmVzcyB7MH0gOiB7MX0=
REM9ezB9
W1hdIFVuYWJsZSB0byByZXRyaWV2ZSB0aGUgZG9tYWluIGluZm9ybWF0aW9uLCB0cnkgYWdhaW4gd2l0aCAnL2RvbWFpbicu
W1hdIEVycm9yIGJpbmRpbmcgdG8gTERBUCBzZXJ2ZXI6IHswfQ==
WypdIFNlYXJjaGluZyBwYXRoICd7MH0nIGZvciAnezF9Jw==
W1hdIEVycm9yIGV4ZWN1dGluZyBMREFQIHF1ZXJ5OiB7MH0=
W1hdIEVycm9yIGNyZWF0aW5nIHRoZSBkb21haW4gc2VhcmNoZXI6IHswfQ==
WypdIFNlYXJjaGluZyB0aGUgY3VycmVudCBkb21haW4gZm9yICd7MH0n
DQpbWF0gRXJyb3IgdmFsaWRhdGluZyB0aGUgZG9tYWluIHNlYXJjaGVyIGZvciBiaW5kIHBhdGggInswfSIgOiB7MX0=
DQpbWF0gRXJyb3IgdmFsaWRhdGluZyB0aGUgZG9tYWluIHNlYXJjaGVyOiB7MH0=
W1hdIEVycm9yIHNldHRpbmdzIHRoZSBkb21haW4gc2VhcmNoZXIgZmlsdGVyOiB7MH0=
W1hdIE5vIHJlc3VsdHMgcmV0dXJuZWQgYnkgTERBUCE=
W1hdIEVycm9yIGV4ZWN1dGluZyB0aGUgZG9tYWluIHNlYXJjaGVyOiB7MH0=
XFx7MH1cU1lTVk9M
XlxbKC4rKVxd
XHMr
Xig7LiopJA==
Q29tbWVudA==
KC4rPylccyo9KC4qKQ==
PQ==
XFx7MH1cSVBDJA==
WypdIEF0dGVtcHRpbmcgdG8gbW91bnQ6IHswfQ==
WypdIHswfSBzdWNjZXNzZnVsbHkgbW91bnRlZA==
W1hdIEVycm9yIG1vdW50aW5nIHswfSBlcnJvciBjb2RlIHsxfSAoezJ9KQ==
WypdIEF0dGVtcHRpbmcgdG8gdW5tb3VudDogezB9
WypdIHswfSBzdWNjZXNzZnVsbHkgdW5tb3VudGVk
W1hdIEVycm9yIHVubW91bnRpbmcgezB9
UE9TVA==
YXBwbGljYXRpb24va2VyYmVyb3M=
UnViZXVzLzEuMA==
DQpbIV0gVW5oYW5kbGVkIFJ1YmV1cyBleGNlcHRpb246DQo=
W1hdIFVuZXhwZWN0ZWQgcmVzZXJ2ZWQgYml0IHNldCBvbiByZXNwb25zZSByZWNvcmQgbWFyayBmcm9tIEtEQyBQcm94eTogezB9LCBhYm9ydGluZw==
DQoNClsqXSBVc2VyICAgICAgIDogezB9QHsxfQ==
WypdIGVuZHRpbWUgICAgOiB7MH0=
WypdIHJlbmV3LXRpbGwgOiB7MH0=
DQpbKl0gcmVuZXctdGlsbCB3aW5kb3cgKHswfSkgaGFzIHBhc3NlZC4NCg==
DQpbKl0gZW5kdGltZSBpcyAoezB9KSBoYXMgcGFzc2VkLCBubyByZW5ld2FsIHBvc3NpYmxlLg0K
WypdIFNsZWVwaW5nIGZvciB7MH0gbWludXRlcyAoZW5kVGltZS0zMCkgYmVmb3JlIHRoZSBuZXh0IHJlbmV3YWw=
WypdIEJ1aWxkaW5nIFRHUy1SRVEgcmVuZXdhbCBmb3I6ICd7MH1cezF9Jw==
WytdIFRHVCByZW5ld2FsIHJlcXVlc3Qgc3VjY2Vzc2Z1bCE=
WypdIENoYW5naW5nIHBhc3N3b3JkIGZvciB1c2VyOiB7MH1AezF9
WypdIFJlc2V0dGluZyBwYXNzd29yZCBmb3IgdGFyZ2V0IHVzZXI6IHswfQ==
WypdIE5ldyBwYXNzd29yZCB2YWx1ZTogezB9
WypdIEJ1aWxkaW5nIEFQLVJFUSBmb3IgdGhlIE1TIEtwYXNzd29yZCByZXF1ZXN0
WypdIEJ1aWxkaW5nIEF1dGhlbnRpY2F0b3Igd2l0aCBlbmNyeXB0aW9uIGtleSB0eXBlOiB7MH0=
W1hdIE9ubHkgcmM0X2htYWMgYW5kIGFlczI1Nl9jdHNfaG1hY19zaGExIGtleSBoYXNoZXMgc3VwcG9ydGVkIGF0IHRoaXMgdGltZSE=
WypdIGJhc2U2NChzZXNzaW9uIHN1YmtleSk6IHswfQ==
WypdIEJ1aWxkaW5nIHRoZSBLUlYtUFJJViBzdHJ1Y3R1cmU=
W1hdIC90YXJnZXR1c2VyIHNob3VsZCBiZSBpbiB0aGUgZm9ybWF0IGRvbWFpbi5jb21cdXNlcm5hbWUh
bG9s
WytdIFBhc3N3b3JkIGNoYW5nZSBzdWNjZXNzIQ==
UG9saWN5OiAKCU1pbmltdW0gTGVuZ3RoOiB7MH0KCVBhc3N3b3JkIEhpc3Rvcnk6IHsxfQoJRmxhZ3M6IHsyfQoJRXhwaXJ5OiB7M30gZGF5KHMpCglNaW5pbXVtIFBhc3N3b3JkIEFnZTogezR9IGRheShzKQ==
W1hdIFBhc3N3b3JkIGNoYW5nZSBlcnJvcjogezB9IHsxfQ==
WypdIFRhcmdldCBVc2VyICAgICAgICAgICAgOiB7MH0=
WypdIFRhcmdldCBPVSAgICAgICAgICAgICAgOiB7MH0=
WypdIFRhcmdldCBEb21haW4gICAgICAgICAgOiB7MH0=
WypdIFRhcmdldCBEQyAgICAgICAgICAgICAgOiB7MH0=
KCYoc2FtQWNjb3VudFR5cGU9ODA1MzA2MzY4KSh1c2VyQWNjb3VudENvbnRyb2w6MS4yLjg0MC4xMTM1NTYuMS40LjgwMzo9NDE5NDMwNCkp
KCYoc2FtQWNjb3VudFR5cGU9ODA1MzA2MzY4KSh1c2VyQWNjb3VudENvbnRyb2w6MS4yLjg0MC4xMTM1NTYuMS40LjgwMzo9NDE5NDMwNCkoc2FtQWNjb3VudE5hbWU9ezB9KSk=
KCZ7MH0oezF9KSk=
W1hdIEVycm9yIGR1cmluZyBleGVjdXRpbmcgdGhlIExEQVAgcXVlcnku
W1hdIE5vIHVzZXJzIGZvdW5kIHRvIEFTLVJFUCByb2FzdCE=
c2FtYWNjb3VudG5hbWU=
ZGlzdGluZ3Vpc2hlZG5hbWU=
WypdIFNhbUFjY291bnROYW1lICAgICAgICAgOiB7MH0=
WypdIERpc3Rpbmd1aXNoZWROYW1lICAgICAgOiB7MH0=
WypdIFJvYXN0ZWQgaGFzaGVzIHdyaXR0ZW4gdG8gOiB7MH0=
WypdIEJ1aWxkaW5nIEFTLVJFUSAody9vIHByZWF1dGgpIGZvcjogJ3swfVx7MX0n
WytdIEFTLVJFUSB3L28gcHJlYXV0aCBzdWNjZXNzZnVsIQ==
JGtyYjVhc3JlcCR7MH1AezF9OnsyfQ==
Y2hhdGVzdWJ0cmFsbWFyYWN5
JGtyYjVhc3JlcCQyMyR7MH1AezF9OnsyfQ==
UGxlYXNlIHByb3ZpZGUgYSBjcmFja2luZyBmb3JtYXQu
RXhjZXB0aW9uOiB7MH0=
WypdIEhhc2ggd3JpdHRlbiB0byB7MH0NCg==
WypdIEFTLVJFUCBoYXNoOg0K
WypdIExpc3Rpbmcgc3RhdGlzdGljcyBhYm91dCB0YXJnZXQgdXNlcnMsIG5vIHRpY2tldCByZXF1ZXN0cyBiZWluZyBwZXJmb3JtZWQu
WypdIFVzaW5nIHswfSB3aXRob3V0IHByZS1hdXRoIHRvIHJlcXVlc3Qgc2VydmljZSB0aWNrZXRz
WypdIFVzaW5nIGEgVEdUIC90aWNrZXQgdG8gcmVxdWVzdCBzZXJ2aWNlIHRpY2tldHM=
WypdIFVzaW5nICd0Z3RkZWxlZycgdG8gcmVxdWVzdCBhIFRHVCBmb3IgdGhlIGN1cnJlbnQgdXNlcg==
WypdIFJDNF9ITUFDIHdpbGwgYmUgdGhlIHJlcXVlc3RlZCBmb3IgQUVTLWVuYWJsZWQgYWNjb3VudHMsIGFsbCBldHlwZXMgd2lsbCBiZSByZXF1ZXN0ZWQgZm9yIGV2ZXJ5dGhpbmcgZWxzZQ==
WypdIE5PVElDRTogQUVTIGhhc2hlcyB3aWxsIGJlIHJldHVybmVkIGZvciBBRVMtZW5hYmxlZCBhY2NvdW50cy4=
WypdICAgICAgICAgVXNlIC90aWNrZXQ6WCBvciAvdGd0ZGVsZWcgdG8gZm9yY2UgUkM0X0hNQUMgZm9yIHRoZXNlIGFjY291bnRzLg0K
W1hdIFRvIHVzZSBFbnRlcnByaXNlIFByaW5jaXBhbHMsIC9zcG4gb3IgL3NwbnMgaGFzIHRvIGJlIHNwZWNpZmllZCwgYWxvbmcgd2l0aCBlaXRoZXIgL3RpY2tldCBvciAvdGd0ZGVsZWc=
WypdIFVzaW5nIGEgZGVsYXkgb2YgezB9IG1pbGxpc2Vjb25kcyBiZXR3ZWVuIFRHUyByZXF1ZXN0cy4=
WypdIFVzaW5nIGEgaml0dGVyIG9mIHswfSUgYmV0d2VlbiBUR1MgcmVxdWVzdHMu
DQpbKl0gVGFyZ2V0IFNQTiAgICAgICAgICAgICA6IHswfQ==
RElTVElOR1VJU0hFRE5BTUU=
VVNFUg==
WypdIFRhcmdldCBVc2VycyAgICAgICAgICAgOiB7MH0=
bGRhcC97MH0=
KHNhbUFjY291bnROYW1lPXswfSk=
KCYofHswfSkoIShVc2VyQWNjb3VudENvbnRyb2w6MS4yLjg0MC4xMTM1NTYuMS40LjgwMzo9MikpKQ==
KHNhbUFjY291bnROYW1lPXswfSkoIShVc2VyQWNjb3VudENvbnRyb2w6MS4yLjg0MC4xMTM1NTYuMS40LjgwMzo9Mikp
KCFzYW1BY2NvdW50TmFtZT1rcmJ0Z3QpKCEoVXNlckFjY291bnRDb250cm9sOjEuMi44NDAuMTEzNTU2LjEuNC44MDM6PTIpKQ==
WypdIFNlYXJjaGluZyBmb3IgYWNjb3VudHMgdGhhdCBvbmx5IHN1cHBvcnQgUkM0X0hNQUMsIG5vIEFFUw==
KCFtc2RzLXN1cHBvcnRlZGVuY3J5cHRpb250eXBlczoxLjIuODQwLjExMzU1Ni4xLjQuODA0Oj0yNCk=
WypdIFNlYXJjaGluZyBmb3IgYWNjb3VudHMgdGhhdCBzdXBwb3J0IEFFUzEyOF9DVFNfSE1BQ19TSEExXzk2L0FFUzI1Nl9DVFNfSE1BQ19TSEExXzk2
KG1zZHMtc3VwcG9ydGVkZW5jcnlwdGlvbnR5cGVzOjEuMi44NDAuMTEzNTU2LjEuNC44MDQ6PTI0KQ==
MDEtMDEtMTYwMQ==
MDEtMDEtMjEwMA==
WypdIFNlYXJjaGluZyBmb3IgYWNjb3VudHMgd2l0aCBsYXN0cHdkc2V0IGZyb20gezB9IHRvIHsxfQ==
TU0tZGQteXl5eQ==
KHB3ZGxhc3RzZXQ+PQ==
KShwd2RsYXN0c2V0PD0=
KCYoc2FtQWNjb3VudFR5cGU9ODA1MzA2MzY4KShzZXJ2aWNlUHJpbmNpcGFsTmFtZT0qKXswfXsxfXsyfSk=
DQpbWF0gRXJyb3IgcGFyc2luZyAvcHdkc2V0YmVmb3JlIG9yIC9wd2RzZXRhZnRlciwgcGxlYXNlIHVzZSB0aGUgZm9ybWF0ICdNTS1kZC15eXl5Jw==
KCYoc2FtQWNjb3VudFR5cGU9ODA1MzA2MzY4KShzZXJ2aWNlUHJpbmNpcGFsTmFtZT0qKXswfXsxfSk=
W1hdIExEQVAgcXVlcnkgZmFpbGVkLCB0cnkgc3BlY2lmeWluZyBtb3JlIGRvbWFpbiBpbmZvcm1hdGlvbiBvciBzcGVjaWZpYyBTUE5zLg==
DQpbWF0gTm8gdXNlcnMgZm91bmQgdG8gS2VyYmVyb2FzdCE=
DQpbKl0gVG90YWwga2VyYmVyb2FzdGFibGUgdXNlcnMgOiB7MH0NCg==
DQpbKl0gU2FtQWNjb3VudE5hbWUgICAgICAgICA6IHswfQ==
WypdIFNlcnZpY2VQcmluY2lwYWxOYW1lICAgOiB7MH0=
WypdIFB3ZExhc3RTZXQgICAgICAgICAgICAgOiB7MH0=
WypdIFN1cHBvcnRlZCBFVHlwZXMgICAgICAgOiB7MH0=
ezB9QHsxfQ==
DQpbLV0gUmV0cmlldmluZyBzZXJ2aWNlIHRpY2tldCB3aXRoIFNQTiBmYWlsZWQgYW5kICcvYXV0b2VudGVycHJpc2UnIHBhc3NlZCwgcmV0cnlpbmcgd2l0aCB0aGUgZW50ZXJwcmlzZSBwcmluY2lwYWw=
U3VwcG9ydGVkIEVuY3J5cHRpb24gVHlwZQ==
Q291bnQ=
UGFzc3dvcmQgTGFzdCBTZXQgWWVhcg==
DQpbWF0gRXJyb3IgZXhlY3V0aW5nIHRoZSBkb21haW4gc2VhcmNoZXI6IHswfQ==
RE9NQUlO
XkNOPS4q
KD88RG9tYWluPkRDPS4qKQ==
RG9tYWlu
REM9
DQpbWF0gR1NTQVBJIGlubmVyIHRva2VuIGlzIG5vdCBhbiBBUF9SRVEuDQo=
DQpbWF0gSW5jb3JyZWN0IEFTTiBhcHBsaWNhdGlvbiB0YWcuICBFeHBlY3RlZCAxNCwgYnV0IGdvdCB7MH0uDQo=
JGtyYjV0Z3MkezB9JHsxfSR7Mn0kKnszfSokezR9JHs1fQ==
JGtyYjV0Z3MkezB9JCp7MX0kezJ9JHszfSokezR9JHs1fQ==
WypdIEhhc2ggICAgICAgICAgICAgICAgICAgOiB7MH0=
ICAgICAgICAgICAgICAgICAgICAgICAgICAgICB7MH0=
DQogW1hdIEVycm9yIGR1cmluZyByZXF1ZXN0IGZvciBTUE4gezB9IDogezF9DQo=
W1hdIFVuYWJsZSB0byByZXF1ZXN0IHNlcnZpY2UgdGlja2V0cyB3aXRob3V0IGEgVEdULCBwbGVhc2UgcmVydW4gYW5kIHByb3ZpZGUgYSBUR1QgdG8gJy90aWNrZXQnLg==
WypdIEhhc2ggd3JpdHRlbiB0byB7MH0=
ICBLZXJiZXJvYXN0IEhhc2ggICAgICAgOiAgezB9
ICAgICAgICAgICAgICAgICAgICAgICAgICAgezB9
W1hdIEVycm9yIHJldHJpZXZpbmcgYSBUR1Qgd2l0aCB0aGUgc3VwcGxpZWQgcGFyYW1ldGVycw==
WypdIFBlcmZvcm1pbmcgY3Jvc3MgZG9tYWluIGNvbnN0cmFpbmVkIGRlbGVnYXRpb24=
WypdIExvYWRlZCBhIFRHUyBmb3IgezB9XHsxfQ==
W1hdIFM0VTJTZWxmIGZhaWxlZCwgdW5hYmxlIHRvIHBlcmZvcm0gUzRVMlByb3h5Lg==
WypdIEltcGVyc29uYXRpbmcgdXNlciAnezB9JyB0byB0YXJnZXQgU1BOICd7MX0n
WypdICAgRmluYWwgdGlja2V0IHdpbGwgYmUgZm9yIHRoZSBhbHRlcm5hdGUgc2VydmljZSAnezB9Jw==
WypdICAgRmluYWwgdGlja2V0cyB3aWxsIGJlIGZvciB0aGUgYWx0ZXJuYXRlIHNlcnZpY2VzICd7MH0n
WypdIEJ1aWxkaW5nIFM0VTJwcm94eSByZXF1ZXN0IGZvciBzZXJ2aWNlOiAnezB9Jw==
WypdIFNlbmRpbmcgUzRVMnByb3h5IHJlcXVlc3QgdG8gZG9tYWluIGNvbnRyb2xsZXIgezB9Ojg4
WypdIFNlbmRpbmcgUzRVMnByb3h5IHJlcXVlc3QgdmlhIEtEQyBwcm94eTogezB9
WytdIFM0VTJwcm94eSBzdWNjZXNzIQ==
WypdIFN1YnN0aXR1dGluZyBhbHRlcm5hdGl2ZSBzZXJ2aWNlIG5hbWUgJ3swfSc=
WypdIGJhc2U2NCh0aWNrZXQua2lyYmkpIGZvciBTUE4gJ3swfS97MX0nOg0K
ezB9X3sxfS17Mn17M30=
WypdIGJhc2U2NCh0aWNrZXQua2lyYmkpIGZvciBTUE4gJ3swfSc6DQo=
ezB9X3sxfXsyfQ==
WypdIEJ1aWxkaW5nIFM0VTJzZWxmIHJlcXVlc3QgZm9yOiAnezB9QHsxfSc=
WypdIFNlbmRpbmcgUzRVMnNlbGYgcmVxdWVzdCB0byB7MH06ODg=
WypdIFNlbmRpbmcgUzRVMnNlbGYgcmVxdWVzdCB2aWEgS0RDIHByb3h5OiB7MH0=
WytdIFM0VTJzZWxmIHN1Y2Nlc3Mh
WypdIEJyb256ZSBCaXQgZmxhZyBwYXNzZWQsIGZsaXBwaW5nIGZvcndhcmRhYmxlIGZsYWcgb24uIE9yaWdpbmFsIGZsYWdzOiB7MH0=
WypdIEZsYWdzIGNoYW5nZWQgdG86IHswfQ==
WypdIEdvdCBhIFRHUyBmb3IgJ3swfScgdG8gJ3sxfUB7Mn0n
ezB9X3sxfV90b197Mn1AezN9ezR9
WypdIFJldHJpZXZpbmcgcmVmZXJyYWwgVEdUIGZyb20gezB9IGZvciBmb3JlaWduIGRvbWFpbiwgezF9LCBLUkJUR1Qgc2VydmljZQ==
WypdIFJldHJpZXZpbmcgdGhlIFM0VTJTZWxmIHJlZmVycmFsIGZyb20gezB9
WypdIFJlcXVlc3RpbmcgdGhlIFM0VTJTZWxmIHRpY2tldCBmcm9tIHswfQ==
WypdIFJlcXVlc3RpbmcgdGhlIGNyb3NzIHJlYWxtICdTNFUyU2VsZicgZm9yIHswfSBmcm9tIHsxfQ==
WypdIFNlbmRpbmcgY3Jvc3MgcmVhbG0gUzRVMlNlbGYgcmVxdWVzdA==
WytdIGNyb3NzIHJlYWxtIFM0VTJTZWxmIHN1Y2Nlc3Mh
YmFzZTY0KHRpY2tldC5raXJiaSk=
WypdIEJ1aWxkaW5nIFM0VTJwcm94eSByZXF1ZXN0IGZvciBzZXJ2aWNlOiAnezB9JyBvbiB7MX0=
WypdIFNlbmRpbmcgUzRVMnByb3h5IHJlcXVlc3Q=
WypdIHswfToNCg==
W1hdIFRHVCBvciByZWZlcnJhbCBUR1QgcmVxdWlyZXMgL2RvbWFpbiB0byBiZSBwYXNzZWQu
W1hdIFNQTiBoYXMgdG8gYmUgaW4gdGhlIGZvcm1hdCAnc3ZjL2hvc3QuZG9tYWluLmNvbScgb3IgJ2hvc3RAZG9tYWluLmNvbScu
W1hdIFNQTiBpcyBpbiBhIHVuc3VwcG9ydGVkIGZvcm1hdDogezB9Lg==
WypdIFRyeWluZyB0byBxdWVyeSBMREFQIHVzaW5nIExEQVBTIGZvciB1c2VyIGluZm9ybWF0aW9uIG9uIGRvbWFpbiBjb250cm9sbGVyIHswfQ==
KHNhbWFjY291bnRuYW1lPXswfSk=
WyFdIExEQVBTIGZhaWxlZCwgcmV0cnlpbmcgd2l0aCBwbGFpbnRleHQgTERBUC4=
W1hdIEVycm9yIExEQVAgcXVlcnkgZmFpbGVkLCB1bmFibGUgdG8gY3JlYXRlIHRpY2tldCB1c2luZyBMREFQLg==
dXNlcnByaW5jaXBhbG5hbWU=
KGRpc3Rpbmd1aXNoZWRuYW1lPXswfSk=
Z3JvdXA=
KG9iamVjdHNpZD17MH0tezF9KQ==
cHJpbWFyeWdyb3VwaWQ=
ezB9KG5hbWU9e3szMUIyRjM0MC0wMTZELTExRDItOTQ1Ri0wMEMwNEZCOTg0Rjl9fSk=
ZG9tYWluIHBvbGljeQ==
ezB9IGFuZCBkb21haW4gcG9saWN5
WypdIFJldHJpZXZpbmcgezB9IGluZm9ybWF0aW9uIG92ZXIgTERBUCBmcm9tIGRvbWFpbiBjb250cm9sbGVyIHsxfQ==
KHx7MH0p
WyFdIFVuYWJsZSB0byBnZXQgezB9IGluZm9ybWF0aW9uIHVzaW5nIExEQVAsIHVzaW5nIGRlZmF1bHRzLg==
Z3BjZmlsZXN5c3BhdGg=
ezB9XE1BQ0hJTkVcTWljcm9zb2Z0XFdpbmRvd3MgTlRcU2VjRWRpdFxHcHRUbXBsLmluZg==
XFx7MH1c
WyFdIFdhcm5pbmc6IFVuYWJsZSB0byBnZXQgZG9tYWluIHBvbGljeSBpbmZvcm1hdGlvbiwgc2tpcHBpbmcgUGFzc3dvcmRDYW5DaGFuZ2UgYW5kIFBhc3N3b3JkTXVzdENoYW5nZSBQQUMgZmllbGRzLg==
U3lzdGVtQWNjZXNz
TWluaW11bVBhc3N3b3JkQWdl
TWF4aW11bVBhc3N3b3JkQWdl
WypdIFJldHJpZXZpbmcgbmV0YmlvcyBuYW1lIGluZm9ybWF0aW9uIG92ZXIgTERBUCBmcm9tIGRvbWFpbiBjb250cm9sbGVyIHswfQ==
WyFdIFVuYWJsZSB0byBxdWVyeSBmb3Jlc3Qgcm9vdCB1c2luZyBTeXN0ZW0uRGlyZWN0b3J5U2VydmljZXMuQWN0aXZlRGlyZWN0b3J5LkZvcmVzdCwgYXNzdW1pbmcgezB9IGlzIHRoZSBmb3Jlc3Qgcm9vdA==
Q049Q29uZmlndXJhdGlvbixEQz17MH0=
KCYobmV0Ymlvc25hbWU9KikoZG5zcm9vdD17MH0pKQ==
WyFdIFVuYWJsZSB0byBnZXQgbmV0YmlvcyBuYW1lIGluZm9ybWF0aW9uIHVzaW5nIExEQVAsIHVzaW5nIGRlZmF1bHRzLg==
bmV0Ymlvc25hbWU=
ZGlzcGxheW5hbWU=
bG9nb25jb3VudA==
YmFkcHdkY291bnQ=
aG9tZWRpcmVjdG9yeQ==
aG9tZWRyaXZl
cHJvZmlsZXBhdGg=
c2NyaXB0cGF0aA==
W1hdIFRvIGZvcmdlIHRpY2tldHMgd2l0aG91dCBzcGVjaWZ5aW5nICcvbGRhcCcsICcvc2lkJyBpcyByZXF1aXJlZC4=
WypdIEJ1aWxkaW5nIFBBQw==
W1hdIEVycm9yIHVuYWJsZSB0byBwYXJzZSBncm91cCBpZCB7MH06IHsxfQ==
WyFdIFNvbWV0aGluZyB3ZW50IHdyb25nIHNldHRpbmcgdGhlIFBhc3N3b3JkQ2FuQ2hhbmdlIGZpZWxkLCBwZXJoYXBzIFBhc3N3b3JkTGFzdFNldCBpcyBub3QgY29uZmlndXJlZCBwcm9wZXJseQ==
WyFdIFNvbWV0aGluZyB3ZW50IHdyb25nIHNldHRpbmcgdGhlIFBhc3N3b3JkTXVzdENoYW5nZSBmaWVsZCwgcGVyaGFwcyBQYXNzd29yZExhc3RTZXQgaXMgbm90IGNvbmZpZ3VyZWQgcHJvcGVybHk=
WypdIERvbWFpbiAgICAgICAgIDogezB9ICh7MX0p
WypdIFNJRCAgICAgICAgICAgIDogezB9
WypdIFVzZXJJZCAgICAgICAgIDogezB9
WypdIEdyb3VwcyAgICAgICAgIDogezB9
WypdIEV4dHJhU0lEcyAgICAgIDogezB9
WypdIFNlcnZpY2VLZXkgICAgIDogezB9
WypdIFNlcnZpY2VLZXlUeXBlIDogezB9
WypdIEtEQ0tleSAgICAgICAgIDogezB9
WypdIEtEQ0tleVR5cGUgICAgIDogezB9
WypdIFNlcnZpY2UgICAgICAgIDogezB9
WypdIFRhcmdldCAgICAgICAgIDogezB9
ezB9QHsxfUB7MX0=
ezB9LXsxfQ==
WypdIEdlbmVyYXRpbmcgRW5jVGlja2V0UGFydA==
WypdIFNpZ25pbmcgUEFD
WypdIEVuY3J5cHRpbmcgRW5jVGlja2V0UGFydA==
WypdIEdlbmVyYXRpbmcgVGlja2V0
WypdIEdlbmVyYXRlZCBLRVJCLUNSRUQ=
WypdIEZvcmdlZCBhIFRHVCBmb3IgJ3swfUB7MX0n
WypdIEZvcmdlZCBhIFRHUyBmb3IgJ3swfScgdG8gJ3sxfSc=
WypdIEF1dGhUaW1lICAgICAgIDogezB9
WypdIFN0YXJ0VGltZSAgICAgIDogezB9
WypdIEVuZFRpbWUgICAgICAgIDogezB9
WypdIFJlbmV3VGlsbCAgICAgIDogezB9
ezB9X3sxfV97Mn1fdG9fezN9QHs0fXs1fQ==
WyFdIEludmFsaWQgL3JhbmdlaW50ZXJ2YWwgcGFzc2VkLCBza2lwcGluZyBtdWx0aXBsZSB0aWNrZXQgZ2VuZXJhdGlvbjogezB9
ezB9IGdvbGRlbg==
YWVzMTI4
YWVzMjU2
ezB9IHNpbHZlciAvc2VydmljZTp7MX0gL2tyYmtleTp7Mn0gL2tlYmVuY3R5cGU6ezN9
ezB9IC97MX06ezJ9
ezB9IC91c2VyOnsxfSAvaWQ6ezJ9IC9wZ2lkOnszfSAvZG9tYWluOns0fSAvc2lkOns1fQ==
ezB9IC9taW5wYXNzYWdlOnsxfQ==
ezB9IC9tYXhwYXNzYWdlOnsxfQ==
ezB9IC9iYWRwd2Rjb3VudDp7MX0=
ezB9IC9sb2dvbmNvdW50OnsxfQ==
ezB9IC9uZXRiaW9zOnsxfQ==
ezB9IC9jbmFtZTp7MX0=
ezB9IC9zNHVwcm94eXRhcmdldDp7MX0gL3M0dXRyYW5zaXRpZWRzZXJ2aWNlczp7Mn0=
ezB9IC9hdXRoZGF0YQ==
DQpbKl0gUHJpbnRpbmcgYSBjb21tYW5kIHRvIHJlY3JlYXRlIGEgdGlja2V0IGNvbnRhaW5pbmcgdGhlIGluZm9ybWF0aW9uIHVzZWQgd2l0aGluIHRoaXMgdGlja2V0DQoNCnswfQ0K
WypdIERlY3J5cHRpbmcgVEdU
WypdIFJldHJlaXZpbmcgUEFD
W1hdIFVuYWJsZSB0byBkZWNyeXB0IHRpY2tldCBvciBnZXQgUEFDIQ==
WypdIE1vZGlmeWluZyBQQUM=
WypdIEVuY3J5cHRpbmcgTW9kaWZpZWQgVEdU
L2NvbnNvbGVvdXRmaWxl
RXJyb3IgcGFyc2luZyBhcmd1bWVudHM6ICR7Y29tbWFuZH0=
L25vd3JhcA==
L2RlYnVn
